<?xml version="1.0" encoding="UTF-8"?>
<robot generator="Robot 6.0.2 (Python 3.8.2 on win32)" generated="20230626 01:40:02.564" rpa="false" schemaversion="3">
<suite id="s1" name="Pagina 3 &amp; Pagina 2 &amp; Pagina 1 &amp; Login">
<suite id="s1-s1" name="Pagina 3" source="c:\Users\bruno\OneDrive\Área de Trabalho\Documentos\Desafio_Tech_Venturos\DesafioTech\pagina 3">
<suite id="s1-s1-s1" name="NavigationPage3" source="c:\Users\bruno\OneDrive\Área de Trabalho\Documentos\Desafio_Tech_Venturos\DesafioTech\pagina 3\NavigationPage3.robot">
<test id="s1-s1-s1-t1" name="Cenário: Acessar a pagina 3" line="10">
<kw name="Abrir o navegador" library="NavigationResource" type="SETUP">
<kw name="Open Browser" library="SeleniumLibrary">
<arg>browser=chrome</arg>
<doc>Opens a new browser instance to the optional ``url``.</doc>
<msg timestamp="20230626 01:40:02.713" level="INFO">Opening browser 'chrome' to base url 'None'.</msg>
<status status="PASS" starttime="20230626 01:40:02.712" endtime="20230626 01:40:03.852"/>
</kw>
<kw name="Maximize Browser Window" library="SeleniumLibrary">
<doc>Maximizes current browser window.</doc>
<status status="PASS" starttime="20230626 01:40:03.852" endtime="20230626 01:40:03.967"/>
</kw>
<status status="PASS" starttime="20230626 01:40:02.712" endtime="20230626 01:40:03.967"/>
</kw>
<kw name="Dado que estou na página de login" library="NavigationResource">
<kw name="Go To" library="SeleniumLibrary">
<arg>url=http://localhost:3000/</arg>
<doc>Navigates the current browser window to the provided ``url``.</doc>
<msg timestamp="20230626 01:40:03.969" level="INFO">Opening url 'http://localhost:3000/'</msg>
<status status="PASS" starttime="20230626 01:40:03.968" endtime="20230626 01:40:04.692"/>
</kw>
<status status="PASS" starttime="20230626 01:40:03.968" endtime="20230626 01:40:04.693"/>
</kw>
<kw name="Quando insiro um username e password válidos" library="NavigationResource">
<kw name="Run Keyword And Ignore Error" library="BuiltIn">
<arg>Wait Until Element Is Visible</arg>
<arg>locator=//span[@class='ant-avatar-string'][contains(.,'TU')]</arg>
<doc>Runs the given keyword with the given arguments and ignores possible error.</doc>
<kw name="Wait Until Element Is Visible" library="SeleniumLibrary">
<arg>locator=//span[@class='ant-avatar-string'][contains(.,'TU')]</arg>
<doc>Waits until the element ``locator`` is visible.</doc>
<status status="PASS" starttime="20230626 01:40:04.694" endtime="20230626 01:40:04.715"/>
</kw>
<status status="PASS" starttime="20230626 01:40:04.694" endtime="20230626 01:40:04.716"/>
</kw>
<kw name="Run Keyword And Ignore Error" library="BuiltIn">
<arg>Click Element</arg>
<arg>locator=//span[@class='ant-avatar-string'][contains(.,'TU')]</arg>
<doc>Runs the given keyword with the given arguments and ignores possible error.</doc>
<kw name="Click Element" library="SeleniumLibrary">
<arg>locator=//span[@class='ant-avatar-string'][contains(.,'TU')]</arg>
<doc>Click the element identified by ``locator``.</doc>
<msg timestamp="20230626 01:40:04.717" level="INFO">Clicking element '//span[@class='ant-avatar-string'][contains(.,'TU')]'.</msg>
<status status="PASS" starttime="20230626 01:40:04.716" endtime="20230626 01:40:04.768"/>
</kw>
<status status="PASS" starttime="20230626 01:40:04.716" endtime="20230626 01:40:04.769"/>
</kw>
<kw name="Sleep" library="BuiltIn">
<arg>2</arg>
<doc>Pauses the test executed for the given time.</doc>
<msg timestamp="20230626 01:40:06.782" level="INFO">Slept 2 seconds</msg>
<status status="PASS" starttime="20230626 01:40:04.769" endtime="20230626 01:40:06.782"/>
</kw>
<kw name="Run Keyword And Ignore Error" library="BuiltIn">
<arg>Click Element</arg>
<arg>locator=//li[@data-cy='userMenuItem'][contains(.,'Logout')]</arg>
<doc>Runs the given keyword with the given arguments and ignores possible error.</doc>
<kw name="Click Element" library="SeleniumLibrary">
<arg>locator=//li[@data-cy='userMenuItem'][contains(.,'Logout')]</arg>
<doc>Click the element identified by ``locator``.</doc>
<msg timestamp="20230626 01:40:06.783" level="INFO">Clicking element '//li[@data-cy='userMenuItem'][contains(.,'Logout')]'.</msg>
<status status="PASS" starttime="20230626 01:40:06.783" endtime="20230626 01:40:06.823"/>
</kw>
<status status="PASS" starttime="20230626 01:40:06.782" endtime="20230626 01:40:06.823"/>
</kw>
<kw name="Input Text" library="SeleniumLibrary">
<arg>locator=//input[@placeholder='Username'][contains(@id,'username')]</arg>
<arg>text=testuser</arg>
<doc>Types the given ``text`` into the text field identified by ``locator``.</doc>
<msg timestamp="20230626 01:40:06.824" level="INFO">Typing text 'testuser' into text field '//input[@placeholder='Username'][contains(@id,'username')]'.</msg>
<status status="PASS" starttime="20230626 01:40:06.823" endtime="20230626 01:40:06.945"/>
</kw>
<kw name="Input Text" library="SeleniumLibrary">
<arg>locator=//input[@type='password'][contains(@id,'password')]</arg>
<arg>text=pl123</arg>
<doc>Types the given ``text`` into the text field identified by ``locator``.</doc>
<msg timestamp="20230626 01:40:06.946" level="INFO">Typing text 'pl123' into text field '//input[@type='password'][contains(@id,'password')]'.</msg>
<status status="PASS" starttime="20230626 01:40:06.946" endtime="20230626 01:40:07.024"/>
</kw>
<kw name="Sleep" library="BuiltIn">
<arg>2</arg>
<doc>Pauses the test executed for the given time.</doc>
<msg timestamp="20230626 01:40:09.036" level="INFO">Slept 2 seconds</msg>
<status status="PASS" starttime="20230626 01:40:07.025" endtime="20230626 01:40:09.036"/>
</kw>
<status status="PASS" starttime="20230626 01:40:04.693" endtime="20230626 01:40:09.036"/>
</kw>
<kw name="E clico no botão de login" library="NavigationResource">
<kw name="Click Element" library="SeleniumLibrary">
<arg>locator=//button[@type='submit'][contains(.,'Log in')]</arg>
<doc>Click the element identified by ``locator``.</doc>
<msg timestamp="20230626 01:40:09.037" level="INFO">Clicking element '//button[@type='submit'][contains(.,'Log in')]'.</msg>
<status status="PASS" starttime="20230626 01:40:09.037" endtime="20230626 01:40:09.098"/>
</kw>
<status status="PASS" starttime="20230626 01:40:09.037" endtime="20230626 01:40:09.098"/>
</kw>
<kw name="Então devo ser redirecionado para a página inicial" library="NavigationResource">
<kw name="Wait Until Element Is Visible" library="SeleniumLibrary">
<arg>locator=//span[@class='ant-avatar-string'][contains(.,'TU')]</arg>
<doc>Waits until the element ``locator`` is visible.</doc>
<status status="PASS" starttime="20230626 01:40:09.099" endtime="20230626 01:40:09.335"/>
</kw>
<status status="PASS" starttime="20230626 01:40:09.099" endtime="20230626 01:40:09.335"/>
</kw>
<kw name="E devo clicar na opção Page 3" library="NavigationResource">
<kw name="Click Element" library="SeleniumLibrary">
<arg>locator=//span[contains(.,'Page 3')]</arg>
<doc>Click the element identified by ``locator``.</doc>
<msg timestamp="20230626 01:40:09.337" level="INFO">Clicking element '//span[contains(.,'Page 3')]'.</msg>
<status status="PASS" starttime="20230626 01:40:09.336" endtime="20230626 01:40:09.373"/>
</kw>
<status status="PASS" starttime="20230626 01:40:09.336" endtime="20230626 01:40:09.374"/>
</kw>
<kw name="Fechar o navegador" library="NavigationResource" type="TEARDOWN">
<kw name="Close Browser" library="SeleniumLibrary">
<doc>Closes the current browser.</doc>
<status status="PASS" starttime="20230626 01:40:09.375" endtime="20230626 01:40:11.461"/>
</kw>
<status status="PASS" starttime="20230626 01:40:09.375" endtime="20230626 01:40:11.462"/>
</kw>
<status status="PASS" starttime="20230626 01:40:02.711" endtime="20230626 01:40:11.462"/>
</test>
<test id="s1-s1-s1-t2" name="Cenário: Acessar a pagina dois atraves da navegação da pagina 3" line="17">
<kw name="Abrir o navegador" library="NavigationResource" type="SETUP">
<kw name="Open Browser" library="SeleniumLibrary">
<arg>browser=chrome</arg>
<doc>Opens a new browser instance to the optional ``url``.</doc>
<msg timestamp="20230626 01:40:11.465" level="INFO">Opening browser 'chrome' to base url 'None'.</msg>
<status status="PASS" starttime="20230626 01:40:11.464" endtime="20230626 01:40:12.580"/>
</kw>
<kw name="Maximize Browser Window" library="SeleniumLibrary">
<doc>Maximizes current browser window.</doc>
<status status="PASS" starttime="20230626 01:40:12.581" endtime="20230626 01:40:12.693"/>
</kw>
<status status="PASS" starttime="20230626 01:40:11.464" endtime="20230626 01:40:12.694"/>
</kw>
<kw name="Dado que estou na página de login" library="NavigationResource">
<kw name="Go To" library="SeleniumLibrary">
<arg>url=http://localhost:3000/</arg>
<doc>Navigates the current browser window to the provided ``url``.</doc>
<msg timestamp="20230626 01:40:12.695" level="INFO">Opening url 'http://localhost:3000/'</msg>
<status status="PASS" starttime="20230626 01:40:12.695" endtime="20230626 01:40:13.422"/>
</kw>
<status status="PASS" starttime="20230626 01:40:12.694" endtime="20230626 01:40:13.423"/>
</kw>
<kw name="Quando insiro um username e password válidos" library="NavigationResource">
<kw name="Run Keyword And Ignore Error" library="BuiltIn">
<arg>Wait Until Element Is Visible</arg>
<arg>locator=//span[@class='ant-avatar-string'][contains(.,'TU')]</arg>
<doc>Runs the given keyword with the given arguments and ignores possible error.</doc>
<kw name="Wait Until Element Is Visible" library="SeleniumLibrary">
<arg>locator=//span[@class='ant-avatar-string'][contains(.,'TU')]</arg>
<doc>Waits until the element ``locator`` is visible.</doc>
<status status="PASS" starttime="20230626 01:40:13.424" endtime="20230626 01:40:13.444"/>
</kw>
<status status="PASS" starttime="20230626 01:40:13.424" endtime="20230626 01:40:13.444"/>
</kw>
<kw name="Run Keyword And Ignore Error" library="BuiltIn">
<arg>Click Element</arg>
<arg>locator=//span[@class='ant-avatar-string'][contains(.,'TU')]</arg>
<doc>Runs the given keyword with the given arguments and ignores possible error.</doc>
<kw name="Click Element" library="SeleniumLibrary">
<arg>locator=//span[@class='ant-avatar-string'][contains(.,'TU')]</arg>
<doc>Click the element identified by ``locator``.</doc>
<msg timestamp="20230626 01:40:13.445" level="INFO">Clicking element '//span[@class='ant-avatar-string'][contains(.,'TU')]'.</msg>
<status status="PASS" starttime="20230626 01:40:13.445" endtime="20230626 01:40:13.499"/>
</kw>
<status status="PASS" starttime="20230626 01:40:13.445" endtime="20230626 01:40:13.499"/>
</kw>
<kw name="Sleep" library="BuiltIn">
<arg>2</arg>
<doc>Pauses the test executed for the given time.</doc>
<msg timestamp="20230626 01:40:15.507" level="INFO">Slept 2 seconds</msg>
<status status="PASS" starttime="20230626 01:40:13.499" endtime="20230626 01:40:15.507"/>
</kw>
<kw name="Run Keyword And Ignore Error" library="BuiltIn">
<arg>Click Element</arg>
<arg>locator=//li[@data-cy='userMenuItem'][contains(.,'Logout')]</arg>
<doc>Runs the given keyword with the given arguments and ignores possible error.</doc>
<kw name="Click Element" library="SeleniumLibrary">
<arg>locator=//li[@data-cy='userMenuItem'][contains(.,'Logout')]</arg>
<doc>Click the element identified by ``locator``.</doc>
<msg timestamp="20230626 01:40:15.508" level="INFO">Clicking element '//li[@data-cy='userMenuItem'][contains(.,'Logout')]'.</msg>
<status status="PASS" starttime="20230626 01:40:15.508" endtime="20230626 01:40:15.547"/>
</kw>
<status status="PASS" starttime="20230626 01:40:15.507" endtime="20230626 01:40:15.547"/>
</kw>
<kw name="Input Text" library="SeleniumLibrary">
<arg>locator=//input[@placeholder='Username'][contains(@id,'username')]</arg>
<arg>text=testuser</arg>
<doc>Types the given ``text`` into the text field identified by ``locator``.</doc>
<msg timestamp="20230626 01:40:15.548" level="INFO">Typing text 'testuser' into text field '//input[@placeholder='Username'][contains(@id,'username')]'.</msg>
<status status="PASS" starttime="20230626 01:40:15.547" endtime="20230626 01:40:15.669"/>
</kw>
<kw name="Input Text" library="SeleniumLibrary">
<arg>locator=//input[@type='password'][contains(@id,'password')]</arg>
<arg>text=pl123</arg>
<doc>Types the given ``text`` into the text field identified by ``locator``.</doc>
<msg timestamp="20230626 01:40:15.669" level="INFO">Typing text 'pl123' into text field '//input[@type='password'][contains(@id,'password')]'.</msg>
<status status="PASS" starttime="20230626 01:40:15.669" endtime="20230626 01:40:15.740"/>
</kw>
<kw name="Sleep" library="BuiltIn">
<arg>2</arg>
<doc>Pauses the test executed for the given time.</doc>
<msg timestamp="20230626 01:40:17.749" level="INFO">Slept 2 seconds</msg>
<status status="PASS" starttime="20230626 01:40:15.741" endtime="20230626 01:40:17.749"/>
</kw>
<status status="PASS" starttime="20230626 01:40:13.423" endtime="20230626 01:40:17.749"/>
</kw>
<kw name="E clico no botão de login" library="NavigationResource">
<kw name="Click Element" library="SeleniumLibrary">
<arg>locator=//button[@type='submit'][contains(.,'Log in')]</arg>
<doc>Click the element identified by ``locator``.</doc>
<msg timestamp="20230626 01:40:17.751" level="INFO">Clicking element '//button[@type='submit'][contains(.,'Log in')]'.</msg>
<status status="PASS" starttime="20230626 01:40:17.750" endtime="20230626 01:40:17.793"/>
</kw>
<status status="PASS" starttime="20230626 01:40:17.750" endtime="20230626 01:40:17.793"/>
</kw>
<kw name="Então devo ser redirecionado para a página inicial" library="NavigationResource">
<kw name="Wait Until Element Is Visible" library="SeleniumLibrary">
<arg>locator=//span[@class='ant-avatar-string'][contains(.,'TU')]</arg>
<doc>Waits until the element ``locator`` is visible.</doc>
<status status="PASS" starttime="20230626 01:40:17.794" endtime="20230626 01:40:18.031"/>
</kw>
<status status="PASS" starttime="20230626 01:40:17.793" endtime="20230626 01:40:18.031"/>
</kw>
<kw name="E devo clicar na opção Page 3" library="NavigationResource">
<kw name="Click Element" library="SeleniumLibrary">
<arg>locator=//span[contains(.,'Page 3')]</arg>
<doc>Click the element identified by ``locator``.</doc>
<msg timestamp="20230626 01:40:18.032" level="INFO">Clicking element '//span[contains(.,'Page 3')]'.</msg>
<status status="PASS" starttime="20230626 01:40:18.032" endtime="20230626 01:40:18.067"/>
</kw>
<status status="PASS" starttime="20230626 01:40:18.031" endtime="20230626 01:40:18.067"/>
</kw>
<kw name="E depois na opção de Page 2" library="NavigationResource">
<kw name="Click Element" library="SeleniumLibrary">
<arg>locator=//a[@href='#/page'][contains(.,'Page 2')]</arg>
<doc>Click the element identified by ``locator``.</doc>
<msg timestamp="20230626 01:40:18.069" level="INFO">Clicking element '//a[@href='#/page'][contains(.,'Page 2')]'.</msg>
<status status="PASS" starttime="20230626 01:40:18.068" endtime="20230626 01:40:18.110"/>
</kw>
<status status="PASS" starttime="20230626 01:40:18.068" endtime="20230626 01:40:18.110"/>
</kw>
<kw name="Fechar o navegador" library="NavigationResource" type="TEARDOWN">
<kw name="Close Browser" library="SeleniumLibrary">
<doc>Closes the current browser.</doc>
<status status="PASS" starttime="20230626 01:40:18.111" endtime="20230626 01:40:20.185"/>
</kw>
<status status="PASS" starttime="20230626 01:40:18.111" endtime="20230626 01:40:20.186"/>
</kw>
<status status="PASS" starttime="20230626 01:40:11.463" endtime="20230626 01:40:20.186"/>
</test>
<test id="s1-s1-s1-t3" name="Cenário: Acessar a pagina 1 atraves da navegação da pagina 3" line="25">
<kw name="Abrir o navegador" library="NavigationResource" type="SETUP">
<kw name="Open Browser" library="SeleniumLibrary">
<arg>browser=chrome</arg>
<doc>Opens a new browser instance to the optional ``url``.</doc>
<msg timestamp="20230626 01:40:20.189" level="INFO">Opening browser 'chrome' to base url 'None'.</msg>
<status status="PASS" starttime="20230626 01:40:20.188" endtime="20230626 01:40:21.309"/>
</kw>
<kw name="Maximize Browser Window" library="SeleniumLibrary">
<doc>Maximizes current browser window.</doc>
<status status="PASS" starttime="20230626 01:40:21.309" endtime="20230626 01:40:21.421"/>
</kw>
<status status="PASS" starttime="20230626 01:40:20.188" endtime="20230626 01:40:21.422"/>
</kw>
<kw name="Dado que estou na página de login" library="NavigationResource">
<kw name="Go To" library="SeleniumLibrary">
<arg>url=http://localhost:3000/</arg>
<doc>Navigates the current browser window to the provided ``url``.</doc>
<msg timestamp="20230626 01:40:21.423" level="INFO">Opening url 'http://localhost:3000/'</msg>
<status status="PASS" starttime="20230626 01:40:21.423" endtime="20230626 01:40:22.148"/>
</kw>
<status status="PASS" starttime="20230626 01:40:21.422" endtime="20230626 01:40:22.148"/>
</kw>
<kw name="Quando insiro um username e password válidos" library="NavigationResource">
<kw name="Run Keyword And Ignore Error" library="BuiltIn">
<arg>Wait Until Element Is Visible</arg>
<arg>locator=//span[@class='ant-avatar-string'][contains(.,'TU')]</arg>
<doc>Runs the given keyword with the given arguments and ignores possible error.</doc>
<kw name="Wait Until Element Is Visible" library="SeleniumLibrary">
<arg>locator=//span[@class='ant-avatar-string'][contains(.,'TU')]</arg>
<doc>Waits until the element ``locator`` is visible.</doc>
<status status="PASS" starttime="20230626 01:40:22.149" endtime="20230626 01:40:22.170"/>
</kw>
<status status="PASS" starttime="20230626 01:40:22.149" endtime="20230626 01:40:22.171"/>
</kw>
<kw name="Run Keyword And Ignore Error" library="BuiltIn">
<arg>Click Element</arg>
<arg>locator=//span[@class='ant-avatar-string'][contains(.,'TU')]</arg>
<doc>Runs the given keyword with the given arguments and ignores possible error.</doc>
<kw name="Click Element" library="SeleniumLibrary">
<arg>locator=//span[@class='ant-avatar-string'][contains(.,'TU')]</arg>
<doc>Click the element identified by ``locator``.</doc>
<msg timestamp="20230626 01:40:22.172" level="INFO">Clicking element '//span[@class='ant-avatar-string'][contains(.,'TU')]'.</msg>
<status status="PASS" starttime="20230626 01:40:22.171" endtime="20230626 01:40:22.225"/>
</kw>
<status status="PASS" starttime="20230626 01:40:22.171" endtime="20230626 01:40:22.225"/>
</kw>
<kw name="Sleep" library="BuiltIn">
<arg>2</arg>
<doc>Pauses the test executed for the given time.</doc>
<msg timestamp="20230626 01:40:24.231" level="INFO">Slept 2 seconds</msg>
<status status="PASS" starttime="20230626 01:40:22.225" endtime="20230626 01:40:24.231"/>
</kw>
<kw name="Run Keyword And Ignore Error" library="BuiltIn">
<arg>Click Element</arg>
<arg>locator=//li[@data-cy='userMenuItem'][contains(.,'Logout')]</arg>
<doc>Runs the given keyword with the given arguments and ignores possible error.</doc>
<kw name="Click Element" library="SeleniumLibrary">
<arg>locator=//li[@data-cy='userMenuItem'][contains(.,'Logout')]</arg>
<doc>Click the element identified by ``locator``.</doc>
<msg timestamp="20230626 01:40:24.232" level="INFO">Clicking element '//li[@data-cy='userMenuItem'][contains(.,'Logout')]'.</msg>
<status status="PASS" starttime="20230626 01:40:24.231" endtime="20230626 01:40:24.271"/>
</kw>
<status status="PASS" starttime="20230626 01:40:24.231" endtime="20230626 01:40:24.271"/>
</kw>
<kw name="Input Text" library="SeleniumLibrary">
<arg>locator=//input[@placeholder='Username'][contains(@id,'username')]</arg>
<arg>text=testuser</arg>
<doc>Types the given ``text`` into the text field identified by ``locator``.</doc>
<msg timestamp="20230626 01:40:24.272" level="INFO">Typing text 'testuser' into text field '//input[@placeholder='Username'][contains(@id,'username')]'.</msg>
<status status="PASS" starttime="20230626 01:40:24.272" endtime="20230626 01:40:24.395"/>
</kw>
<kw name="Input Text" library="SeleniumLibrary">
<arg>locator=//input[@type='password'][contains(@id,'password')]</arg>
<arg>text=pl123</arg>
<doc>Types the given ``text`` into the text field identified by ``locator``.</doc>
<msg timestamp="20230626 01:40:24.395" level="INFO">Typing text 'pl123' into text field '//input[@type='password'][contains(@id,'password')]'.</msg>
<status status="PASS" starttime="20230626 01:40:24.395" endtime="20230626 01:40:24.468"/>
</kw>
<kw name="Sleep" library="BuiltIn">
<arg>2</arg>
<doc>Pauses the test executed for the given time.</doc>
<msg timestamp="20230626 01:40:26.477" level="INFO">Slept 2 seconds</msg>
<status status="PASS" starttime="20230626 01:40:24.468" endtime="20230626 01:40:26.477"/>
</kw>
<status status="PASS" starttime="20230626 01:40:22.149" endtime="20230626 01:40:26.477"/>
</kw>
<kw name="E clico no botão de login" library="NavigationResource">
<kw name="Click Element" library="SeleniumLibrary">
<arg>locator=//button[@type='submit'][contains(.,'Log in')]</arg>
<doc>Click the element identified by ``locator``.</doc>
<msg timestamp="20230626 01:40:26.479" level="INFO">Clicking element '//button[@type='submit'][contains(.,'Log in')]'.</msg>
<status status="PASS" starttime="20230626 01:40:26.478" endtime="20230626 01:40:26.521"/>
</kw>
<status status="PASS" starttime="20230626 01:40:26.478" endtime="20230626 01:40:26.521"/>
</kw>
<kw name="Então devo ser redirecionado para a página inicial" library="NavigationResource">
<kw name="Wait Until Element Is Visible" library="SeleniumLibrary">
<arg>locator=//span[@class='ant-avatar-string'][contains(.,'TU')]</arg>
<doc>Waits until the element ``locator`` is visible.</doc>
<status status="PASS" starttime="20230626 01:40:26.522" endtime="20230626 01:40:26.759"/>
</kw>
<status status="PASS" starttime="20230626 01:40:26.522" endtime="20230626 01:40:26.759"/>
</kw>
<kw name="E devo clicar na opção Page 3" library="NavigationResource">
<kw name="Click Element" library="SeleniumLibrary">
<arg>locator=//span[contains(.,'Page 3')]</arg>
<doc>Click the element identified by ``locator``.</doc>
<msg timestamp="20230626 01:40:26.761" level="INFO">Clicking element '//span[contains(.,'Page 3')]'.</msg>
<status status="PASS" starttime="20230626 01:40:26.761" endtime="20230626 01:40:26.799"/>
</kw>
<status status="PASS" starttime="20230626 01:40:26.760" endtime="20230626 01:40:26.799"/>
</kw>
<kw name="E depois na opção de Page 1" library="NavigationResource">
<kw name="Click Element" library="SeleniumLibrary">
<arg>locator=//span[contains(.,'Page 1/')]</arg>
<doc>Click the element identified by ``locator``.</doc>
<msg timestamp="20230626 01:40:26.800" level="INFO">Clicking element '//span[contains(.,'Page 1/')]'.</msg>
<status status="PASS" starttime="20230626 01:40:26.800" endtime="20230626 01:40:26.844"/>
</kw>
<kw name="Sleep" library="BuiltIn">
<arg>3</arg>
<doc>Pauses the test executed for the given time.</doc>
<msg timestamp="20230626 01:40:29.846" level="INFO">Slept 3 seconds</msg>
<status status="PASS" starttime="20230626 01:40:26.845" endtime="20230626 01:40:29.846"/>
</kw>
<status status="PASS" starttime="20230626 01:40:26.799" endtime="20230626 01:40:29.846"/>
</kw>
<kw name="Fechar o navegador" library="NavigationResource" type="TEARDOWN">
<kw name="Close Browser" library="SeleniumLibrary">
<doc>Closes the current browser.</doc>
<status status="PASS" starttime="20230626 01:40:29.848" endtime="20230626 01:40:31.956"/>
</kw>
<status status="PASS" starttime="20230626 01:40:29.847" endtime="20230626 01:40:31.956"/>
</kw>
<status status="PASS" starttime="20230626 01:40:20.187" endtime="20230626 01:40:31.957"/>
</test>
<test id="s1-s1-s1-t4" name="Cenário: Acessar a pagina Home atraves da navegação da pagina 3" line="33">
<kw name="Abrir o navegador" library="NavigationResource" type="SETUP">
<kw name="Open Browser" library="SeleniumLibrary">
<arg>browser=chrome</arg>
<doc>Opens a new browser instance to the optional ``url``.</doc>
<msg timestamp="20230626 01:40:31.960" level="INFO">Opening browser 'chrome' to base url 'None'.</msg>
<status status="PASS" starttime="20230626 01:40:31.959" endtime="20230626 01:40:33.076"/>
</kw>
<kw name="Maximize Browser Window" library="SeleniumLibrary">
<doc>Maximizes current browser window.</doc>
<status status="PASS" starttime="20230626 01:40:33.076" endtime="20230626 01:40:33.202"/>
</kw>
<status status="PASS" starttime="20230626 01:40:31.959" endtime="20230626 01:40:33.202"/>
</kw>
<kw name="Dado que estou na página de login" library="NavigationResource">
<kw name="Go To" library="SeleniumLibrary">
<arg>url=http://localhost:3000/</arg>
<doc>Navigates the current browser window to the provided ``url``.</doc>
<msg timestamp="20230626 01:40:33.204" level="INFO">Opening url 'http://localhost:3000/'</msg>
<status status="PASS" starttime="20230626 01:40:33.204" endtime="20230626 01:40:33.925"/>
</kw>
<status status="PASS" starttime="20230626 01:40:33.203" endtime="20230626 01:40:33.926"/>
</kw>
<kw name="Quando insiro um username e password válidos" library="NavigationResource">
<kw name="Run Keyword And Ignore Error" library="BuiltIn">
<arg>Wait Until Element Is Visible</arg>
<arg>locator=//span[@class='ant-avatar-string'][contains(.,'TU')]</arg>
<doc>Runs the given keyword with the given arguments and ignores possible error.</doc>
<kw name="Wait Until Element Is Visible" library="SeleniumLibrary">
<arg>locator=//span[@class='ant-avatar-string'][contains(.,'TU')]</arg>
<doc>Waits until the element ``locator`` is visible.</doc>
<status status="PASS" starttime="20230626 01:40:33.927" endtime="20230626 01:40:33.948"/>
</kw>
<status status="PASS" starttime="20230626 01:40:33.927" endtime="20230626 01:40:33.948"/>
</kw>
<kw name="Run Keyword And Ignore Error" library="BuiltIn">
<arg>Click Element</arg>
<arg>locator=//span[@class='ant-avatar-string'][contains(.,'TU')]</arg>
<doc>Runs the given keyword with the given arguments and ignores possible error.</doc>
<kw name="Click Element" library="SeleniumLibrary">
<arg>locator=//span[@class='ant-avatar-string'][contains(.,'TU')]</arg>
<doc>Click the element identified by ``locator``.</doc>
<msg timestamp="20230626 01:40:33.949" level="INFO">Clicking element '//span[@class='ant-avatar-string'][contains(.,'TU')]'.</msg>
<status status="PASS" starttime="20230626 01:40:33.949" endtime="20230626 01:40:34.002"/>
</kw>
<status status="PASS" starttime="20230626 01:40:33.948" endtime="20230626 01:40:34.002"/>
</kw>
<kw name="Sleep" library="BuiltIn">
<arg>2</arg>
<doc>Pauses the test executed for the given time.</doc>
<msg timestamp="20230626 01:40:36.016" level="INFO">Slept 2 seconds</msg>
<status status="PASS" starttime="20230626 01:40:34.002" endtime="20230626 01:40:36.016"/>
</kw>
<kw name="Run Keyword And Ignore Error" library="BuiltIn">
<arg>Click Element</arg>
<arg>locator=//li[@data-cy='userMenuItem'][contains(.,'Logout')]</arg>
<doc>Runs the given keyword with the given arguments and ignores possible error.</doc>
<kw name="Click Element" library="SeleniumLibrary">
<arg>locator=//li[@data-cy='userMenuItem'][contains(.,'Logout')]</arg>
<doc>Click the element identified by ``locator``.</doc>
<msg timestamp="20230626 01:40:36.017" level="INFO">Clicking element '//li[@data-cy='userMenuItem'][contains(.,'Logout')]'.</msg>
<status status="PASS" starttime="20230626 01:40:36.016" endtime="20230626 01:40:36.057"/>
</kw>
<status status="PASS" starttime="20230626 01:40:36.016" endtime="20230626 01:40:36.057"/>
</kw>
<kw name="Input Text" library="SeleniumLibrary">
<arg>locator=//input[@placeholder='Username'][contains(@id,'username')]</arg>
<arg>text=testuser</arg>
<doc>Types the given ``text`` into the text field identified by ``locator``.</doc>
<msg timestamp="20230626 01:40:36.058" level="INFO">Typing text 'testuser' into text field '//input[@placeholder='Username'][contains(@id,'username')]'.</msg>
<status status="PASS" starttime="20230626 01:40:36.058" endtime="20230626 01:40:36.185"/>
</kw>
<kw name="Input Text" library="SeleniumLibrary">
<arg>locator=//input[@type='password'][contains(@id,'password')]</arg>
<arg>text=pl123</arg>
<doc>Types the given ``text`` into the text field identified by ``locator``.</doc>
<msg timestamp="20230626 01:40:36.186" level="INFO">Typing text 'pl123' into text field '//input[@type='password'][contains(@id,'password')]'.</msg>
<status status="PASS" starttime="20230626 01:40:36.186" endtime="20230626 01:40:36.263"/>
</kw>
<kw name="Sleep" library="BuiltIn">
<arg>2</arg>
<doc>Pauses the test executed for the given time.</doc>
<msg timestamp="20230626 01:40:38.271" level="INFO">Slept 2 seconds</msg>
<status status="PASS" starttime="20230626 01:40:36.263" endtime="20230626 01:40:38.271"/>
</kw>
<status status="PASS" starttime="20230626 01:40:33.926" endtime="20230626 01:40:38.271"/>
</kw>
<kw name="E clico no botão de login" library="NavigationResource">
<kw name="Click Element" library="SeleniumLibrary">
<arg>locator=//button[@type='submit'][contains(.,'Log in')]</arg>
<doc>Click the element identified by ``locator``.</doc>
<msg timestamp="20230626 01:40:38.272" level="INFO">Clicking element '//button[@type='submit'][contains(.,'Log in')]'.</msg>
<status status="PASS" starttime="20230626 01:40:38.272" endtime="20230626 01:40:38.313"/>
</kw>
<status status="PASS" starttime="20230626 01:40:38.272" endtime="20230626 01:40:38.313"/>
</kw>
<kw name="Então devo ser redirecionado para a página inicial" library="NavigationResource">
<kw name="Wait Until Element Is Visible" library="SeleniumLibrary">
<arg>locator=//span[@class='ant-avatar-string'][contains(.,'TU')]</arg>
<doc>Waits until the element ``locator`` is visible.</doc>
<status status="PASS" starttime="20230626 01:40:38.315" endtime="20230626 01:40:38.552"/>
</kw>
<status status="PASS" starttime="20230626 01:40:38.314" endtime="20230626 01:40:38.552"/>
</kw>
<kw name="E devo clicar na opção Page 3" library="NavigationResource">
<kw name="Click Element" library="SeleniumLibrary">
<arg>locator=//span[contains(.,'Page 3')]</arg>
<doc>Click the element identified by ``locator``.</doc>
<msg timestamp="20230626 01:40:38.553" level="INFO">Clicking element '//span[contains(.,'Page 3')]'.</msg>
<status status="PASS" starttime="20230626 01:40:38.553" endtime="20230626 01:40:38.590"/>
</kw>
<status status="PASS" starttime="20230626 01:40:38.553" endtime="20230626 01:40:38.590"/>
</kw>
<kw name="E depois na opção Home" library="NavigationResource">
<kw name="Click Element" library="SeleniumLibrary">
<arg>locator=//a[contains(.,'HOME')]</arg>
<doc>Click the element identified by ``locator``.</doc>
<msg timestamp="20230626 01:40:38.591" level="INFO">Clicking element '//a[contains(.,'HOME')]'.</msg>
<status status="PASS" starttime="20230626 01:40:38.591" endtime="20230626 01:40:38.632"/>
</kw>
<kw name="Wait Until Element Is Visible" library="SeleniumLibrary">
<arg>locator=//div[@class='ant-list-header'][contains(.,'Your challenge is:')]</arg>
<doc>Waits until the element ``locator`` is visible.</doc>
<status status="PASS" starttime="20230626 01:40:38.632" endtime="20230626 01:40:38.648"/>
</kw>
<status status="PASS" starttime="20230626 01:40:38.591" endtime="20230626 01:40:38.648"/>
</kw>
<kw name="Fechar o navegador" library="NavigationResource" type="TEARDOWN">
<kw name="Close Browser" library="SeleniumLibrary">
<doc>Closes the current browser.</doc>
<status status="PASS" starttime="20230626 01:40:38.649" endtime="20230626 01:40:40.725"/>
</kw>
<status status="PASS" starttime="20230626 01:40:38.649" endtime="20230626 01:40:40.725"/>
</kw>
<status status="PASS" starttime="20230626 01:40:31.958" endtime="20230626 01:40:40.726"/>
</test>
<test id="s1-s1-s1-t5" name="Cenário: Acessar a pagina 1 atraves da navegação da pagina 3 e passar a pagina" line="41">
<kw name="Abrir o navegador" library="NavigationResource" type="SETUP">
<kw name="Open Browser" library="SeleniumLibrary">
<arg>browser=chrome</arg>
<doc>Opens a new browser instance to the optional ``url``.</doc>
<msg timestamp="20230626 01:40:40.729" level="INFO">Opening browser 'chrome' to base url 'None'.</msg>
<status status="PASS" starttime="20230626 01:40:40.728" endtime="20230626 01:40:41.848"/>
</kw>
<kw name="Maximize Browser Window" library="SeleniumLibrary">
<doc>Maximizes current browser window.</doc>
<status status="PASS" starttime="20230626 01:40:41.848" endtime="20230626 01:40:41.962"/>
</kw>
<status status="PASS" starttime="20230626 01:40:40.728" endtime="20230626 01:40:41.962"/>
</kw>
<kw name="Dado que estou na página de login" library="NavigationResource">
<kw name="Go To" library="SeleniumLibrary">
<arg>url=http://localhost:3000/</arg>
<doc>Navigates the current browser window to the provided ``url``.</doc>
<msg timestamp="20230626 01:40:41.964" level="INFO">Opening url 'http://localhost:3000/'</msg>
<status status="PASS" starttime="20230626 01:40:41.963" endtime="20230626 01:40:42.687"/>
</kw>
<status status="PASS" starttime="20230626 01:40:41.963" endtime="20230626 01:40:42.687"/>
</kw>
<kw name="Quando insiro um username e password válidos" library="NavigationResource">
<kw name="Run Keyword And Ignore Error" library="BuiltIn">
<arg>Wait Until Element Is Visible</arg>
<arg>locator=//span[@class='ant-avatar-string'][contains(.,'TU')]</arg>
<doc>Runs the given keyword with the given arguments and ignores possible error.</doc>
<kw name="Wait Until Element Is Visible" library="SeleniumLibrary">
<arg>locator=//span[@class='ant-avatar-string'][contains(.,'TU')]</arg>
<doc>Waits until the element ``locator`` is visible.</doc>
<status status="PASS" starttime="20230626 01:40:42.689" endtime="20230626 01:40:42.710"/>
</kw>
<status status="PASS" starttime="20230626 01:40:42.688" endtime="20230626 01:40:42.710"/>
</kw>
<kw name="Run Keyword And Ignore Error" library="BuiltIn">
<arg>Click Element</arg>
<arg>locator=//span[@class='ant-avatar-string'][contains(.,'TU')]</arg>
<doc>Runs the given keyword with the given arguments and ignores possible error.</doc>
<kw name="Click Element" library="SeleniumLibrary">
<arg>locator=//span[@class='ant-avatar-string'][contains(.,'TU')]</arg>
<doc>Click the element identified by ``locator``.</doc>
<msg timestamp="20230626 01:40:42.712" level="INFO">Clicking element '//span[@class='ant-avatar-string'][contains(.,'TU')]'.</msg>
<status status="PASS" starttime="20230626 01:40:42.711" endtime="20230626 01:40:42.764"/>
</kw>
<status status="PASS" starttime="20230626 01:40:42.711" endtime="20230626 01:40:42.765"/>
</kw>
<kw name="Sleep" library="BuiltIn">
<arg>2</arg>
<doc>Pauses the test executed for the given time.</doc>
<msg timestamp="20230626 01:40:44.768" level="INFO">Slept 2 seconds</msg>
<status status="PASS" starttime="20230626 01:40:42.765" endtime="20230626 01:40:44.768"/>
</kw>
<kw name="Run Keyword And Ignore Error" library="BuiltIn">
<arg>Click Element</arg>
<arg>locator=//li[@data-cy='userMenuItem'][contains(.,'Logout')]</arg>
<doc>Runs the given keyword with the given arguments and ignores possible error.</doc>
<kw name="Click Element" library="SeleniumLibrary">
<arg>locator=//li[@data-cy='userMenuItem'][contains(.,'Logout')]</arg>
<doc>Click the element identified by ``locator``.</doc>
<msg timestamp="20230626 01:40:44.769" level="INFO">Clicking element '//li[@data-cy='userMenuItem'][contains(.,'Logout')]'.</msg>
<status status="PASS" starttime="20230626 01:40:44.769" endtime="20230626 01:40:44.808"/>
</kw>
<status status="PASS" starttime="20230626 01:40:44.768" endtime="20230626 01:40:44.809"/>
</kw>
<kw name="Input Text" library="SeleniumLibrary">
<arg>locator=//input[@placeholder='Username'][contains(@id,'username')]</arg>
<arg>text=testuser</arg>
<doc>Types the given ``text`` into the text field identified by ``locator``.</doc>
<msg timestamp="20230626 01:40:44.810" level="INFO">Typing text 'testuser' into text field '//input[@placeholder='Username'][contains(@id,'username')]'.</msg>
<status status="PASS" starttime="20230626 01:40:44.809" endtime="20230626 01:40:44.929"/>
</kw>
<kw name="Input Text" library="SeleniumLibrary">
<arg>locator=//input[@type='password'][contains(@id,'password')]</arg>
<arg>text=pl123</arg>
<doc>Types the given ``text`` into the text field identified by ``locator``.</doc>
<msg timestamp="20230626 01:40:44.930" level="INFO">Typing text 'pl123' into text field '//input[@type='password'][contains(@id,'password')]'.</msg>
<status status="PASS" starttime="20230626 01:40:44.929" endtime="20230626 01:40:45.012"/>
</kw>
<kw name="Sleep" library="BuiltIn">
<arg>2</arg>
<doc>Pauses the test executed for the given time.</doc>
<msg timestamp="20230626 01:40:47.023" level="INFO">Slept 2 seconds</msg>
<status status="PASS" starttime="20230626 01:40:45.012" endtime="20230626 01:40:47.023"/>
</kw>
<status status="PASS" starttime="20230626 01:40:42.688" endtime="20230626 01:40:47.024"/>
</kw>
<kw name="E clico no botão de login" library="NavigationResource">
<kw name="Click Element" library="SeleniumLibrary">
<arg>locator=//button[@type='submit'][contains(.,'Log in')]</arg>
<doc>Click the element identified by ``locator``.</doc>
<msg timestamp="20230626 01:40:47.025" level="INFO">Clicking element '//button[@type='submit'][contains(.,'Log in')]'.</msg>
<status status="PASS" starttime="20230626 01:40:47.025" endtime="20230626 01:40:47.064"/>
</kw>
<status status="PASS" starttime="20230626 01:40:47.024" endtime="20230626 01:40:47.064"/>
</kw>
<kw name="Então devo ser redirecionado para a página inicial" library="NavigationResource">
<kw name="Wait Until Element Is Visible" library="SeleniumLibrary">
<arg>locator=//span[@class='ant-avatar-string'][contains(.,'TU')]</arg>
<doc>Waits until the element ``locator`` is visible.</doc>
<status status="PASS" starttime="20230626 01:40:47.066" endtime="20230626 01:40:47.290"/>
</kw>
<status status="PASS" starttime="20230626 01:40:47.065" endtime="20230626 01:40:47.290"/>
</kw>
<kw name="E devo clicar na opção Page 3" library="NavigationResource">
<kw name="Click Element" library="SeleniumLibrary">
<arg>locator=//span[contains(.,'Page 3')]</arg>
<doc>Click the element identified by ``locator``.</doc>
<msg timestamp="20230626 01:40:47.291" level="INFO">Clicking element '//span[contains(.,'Page 3')]'.</msg>
<status status="PASS" starttime="20230626 01:40:47.291" endtime="20230626 01:40:47.327"/>
</kw>
<status status="PASS" starttime="20230626 01:40:47.291" endtime="20230626 01:40:47.327"/>
</kw>
<kw name="E depois na opção de Page 1" library="NavigationResource">
<kw name="Click Element" library="SeleniumLibrary">
<arg>locator=//span[contains(.,'Page 1/')]</arg>
<doc>Click the element identified by ``locator``.</doc>
<msg timestamp="20230626 01:40:47.328" level="INFO">Clicking element '//span[contains(.,'Page 1/')]'.</msg>
<status status="PASS" starttime="20230626 01:40:47.328" endtime="20230626 01:40:47.372"/>
</kw>
<kw name="Sleep" library="BuiltIn">
<arg>3</arg>
<doc>Pauses the test executed for the given time.</doc>
<msg timestamp="20230626 01:40:50.375" level="INFO">Slept 3 seconds</msg>
<status status="PASS" starttime="20230626 01:40:47.372" endtime="20230626 01:40:50.375"/>
</kw>
<status status="PASS" starttime="20230626 01:40:47.328" endtime="20230626 01:40:50.376"/>
</kw>
<kw name="Passar a pagina para a proxima" library="NavigationResource">
<kw name="Sleep" library="BuiltIn">
<arg>2</arg>
<doc>Pauses the test executed for the given time.</doc>
<msg timestamp="20230626 01:40:52.382" level="INFO">Slept 2 seconds</msg>
<status status="PASS" starttime="20230626 01:40:50.377" endtime="20230626 01:40:52.382"/>
</kw>
<kw name="Scroll Element Into View" library="SeleniumLibrary">
<arg>locator=(//a[contains(@class,'ant-pagination-item-link')])[2]</arg>
<doc>Scrolls the element identified by ``locator`` into view.</doc>
<status status="PASS" starttime="20230626 01:40:52.382" endtime="20230626 01:40:52.665"/>
</kw>
<kw name="Click Element" library="SeleniumLibrary">
<arg>locator=(//a[contains(@class,'ant-pagination-item-link')])[2]</arg>
<doc>Click the element identified by ``locator``.</doc>
<msg timestamp="20230626 01:40:52.666" level="INFO">Clicking element '(//a[contains(@class,'ant-pagination-item-link')])[2]'.</msg>
<status status="PASS" starttime="20230626 01:40:52.666" endtime="20230626 01:40:52.700"/>
</kw>
<kw name="Sleep" library="BuiltIn">
<arg>4</arg>
<doc>Pauses the test executed for the given time.</doc>
<msg timestamp="20230626 01:40:56.714" level="INFO">Slept 4 seconds</msg>
<status status="PASS" starttime="20230626 01:40:52.701" endtime="20230626 01:40:56.714"/>
</kw>
<status status="PASS" starttime="20230626 01:40:50.376" endtime="20230626 01:40:56.714"/>
</kw>
<kw name="Fechar o navegador" library="NavigationResource" type="TEARDOWN">
<kw name="Close Browser" library="SeleniumLibrary">
<doc>Closes the current browser.</doc>
<status status="PASS" starttime="20230626 01:40:56.715" endtime="20230626 01:40:58.818"/>
</kw>
<status status="PASS" starttime="20230626 01:40:56.715" endtime="20230626 01:40:58.818"/>
</kw>
<status status="PASS" starttime="20230626 01:40:40.727" endtime="20230626 01:40:58.819"/>
</test>
<doc>Essa suite testa o login</doc>
<status status="PASS" starttime="20230626 01:40:02.589" endtime="20230626 01:40:58.821"/>
</suite>
<status status="PASS" starttime="20230626 01:40:02.586" endtime="20230626 01:40:58.824"/>
</suite>
<suite id="s1-s2" name="Pagina 2" source="c:\Users\bruno\OneDrive\Área de Trabalho\Documentos\Desafio_Tech_Venturos\DesafioTech\pagina 2">
<suite id="s1-s2-s1" name="FormItensPage2" source="c:\Users\bruno\OneDrive\Área de Trabalho\Documentos\Desafio_Tech_Venturos\DesafioTech\pagina 2\FormItensPage2.robot">
<kw name="Definir tempo de espera global" library="FormItensResource" type="SETUP">
<kw name="Set Selenium Timeout" library="SeleniumLibrary">
<arg>value=10s</arg>
<doc>Sets the timeout that is used by various keywords.</doc>
<status status="PASS" starttime="20230626 01:40:58.847" endtime="20230626 01:40:58.848"/>
</kw>
<status status="PASS" starttime="20230626 01:40:58.847" endtime="20230626 01:40:58.848"/>
</kw>
<test id="s1-s2-s1-t1" name="Cenário: Preencher formulario na horizontal" line="13">
<kw name="Abrir o navegador" library="FormItensResource" type="SETUP">
<kw name="Open Browser" library="SeleniumLibrary">
<arg>browser=chrome</arg>
<doc>Opens a new browser instance to the optional ``url``.</doc>
<msg timestamp="20230626 01:40:58.849" level="INFO">Opening browser 'chrome' to base url 'None'.</msg>
<status status="PASS" starttime="20230626 01:40:58.849" endtime="20230626 01:40:59.979"/>
</kw>
<kw name="Maximize Browser Window" library="SeleniumLibrary">
<doc>Maximizes current browser window.</doc>
<status status="PASS" starttime="20230626 01:40:59.980" endtime="20230626 01:41:00.091"/>
</kw>
<status status="PASS" starttime="20230626 01:40:58.848" endtime="20230626 01:41:00.092"/>
</kw>
<kw name="Dado que estou na página de login" library="FormItensResource">
<kw name="Go To" library="SeleniumLibrary">
<arg>url=http://localhost:3000/</arg>
<doc>Navigates the current browser window to the provided ``url``.</doc>
<msg timestamp="20230626 01:41:00.093" level="INFO">Opening url 'http://localhost:3000/'</msg>
<status status="PASS" starttime="20230626 01:41:00.092" endtime="20230626 01:41:00.817"/>
</kw>
<status status="PASS" starttime="20230626 01:41:00.092" endtime="20230626 01:41:00.818"/>
</kw>
<kw name="Quando insiro um username e password válidos" library="FormItensResource">
<kw name="Run Keyword And Ignore Error" library="BuiltIn">
<arg>Wait Until Element Is Visible</arg>
<arg>locator=//span[@class='ant-avatar-string'][contains(.,'TU')]</arg>
<doc>Runs the given keyword with the given arguments and ignores possible error.</doc>
<kw name="Wait Until Element Is Visible" library="SeleniumLibrary">
<arg>locator=//span[@class='ant-avatar-string'][contains(.,'TU')]</arg>
<doc>Waits until the element ``locator`` is visible.</doc>
<status status="PASS" starttime="20230626 01:41:00.819" endtime="20230626 01:41:00.839"/>
</kw>
<status status="PASS" starttime="20230626 01:41:00.818" endtime="20230626 01:41:00.839"/>
</kw>
<kw name="Run Keyword And Ignore Error" library="BuiltIn">
<arg>Click Element</arg>
<arg>locator=//span[@class='ant-avatar-string'][contains(.,'TU')]</arg>
<doc>Runs the given keyword with the given arguments and ignores possible error.</doc>
<kw name="Click Element" library="SeleniumLibrary">
<arg>locator=//span[@class='ant-avatar-string'][contains(.,'TU')]</arg>
<doc>Click the element identified by ``locator``.</doc>
<msg timestamp="20230626 01:41:00.841" level="INFO">Clicking element '//span[@class='ant-avatar-string'][contains(.,'TU')]'.</msg>
<status status="PASS" starttime="20230626 01:41:00.841" endtime="20230626 01:41:00.905"/>
</kw>
<status status="PASS" starttime="20230626 01:41:00.839" endtime="20230626 01:41:00.905"/>
</kw>
<kw name="Sleep" library="BuiltIn">
<arg>2</arg>
<doc>Pauses the test executed for the given time.</doc>
<msg timestamp="20230626 01:41:02.908" level="INFO">Slept 2 seconds</msg>
<status status="PASS" starttime="20230626 01:41:00.906" endtime="20230626 01:41:02.908"/>
</kw>
<kw name="Run Keyword And Ignore Error" library="BuiltIn">
<arg>Click Element</arg>
<arg>locator=//li[@data-cy='userMenuItem'][contains(.,'Logout')]</arg>
<doc>Runs the given keyword with the given arguments and ignores possible error.</doc>
<kw name="Click Element" library="SeleniumLibrary">
<arg>locator=//li[@data-cy='userMenuItem'][contains(.,'Logout')]</arg>
<doc>Click the element identified by ``locator``.</doc>
<msg timestamp="20230626 01:41:02.909" level="INFO">Clicking element '//li[@data-cy='userMenuItem'][contains(.,'Logout')]'.</msg>
<status status="PASS" starttime="20230626 01:41:02.909" endtime="20230626 01:41:02.949"/>
</kw>
<status status="PASS" starttime="20230626 01:41:02.908" endtime="20230626 01:41:02.949"/>
</kw>
<kw name="Input Text" library="SeleniumLibrary">
<arg>locator=//input[@placeholder='Username'][contains(@id,'username')]</arg>
<arg>text=testuser</arg>
<doc>Types the given ``text`` into the text field identified by ``locator``.</doc>
<msg timestamp="20230626 01:41:02.950" level="INFO">Typing text 'testuser' into text field '//input[@placeholder='Username'][contains(@id,'username')]'.</msg>
<status status="PASS" starttime="20230626 01:41:02.950" endtime="20230626 01:41:03.071"/>
</kw>
<kw name="Input Text" library="SeleniumLibrary">
<arg>locator=//input[@type='password'][contains(@id,'password')]</arg>
<arg>text=pl123</arg>
<doc>Types the given ``text`` into the text field identified by ``locator``.</doc>
<msg timestamp="20230626 01:41:03.072" level="INFO">Typing text 'pl123' into text field '//input[@type='password'][contains(@id,'password')]'.</msg>
<status status="PASS" starttime="20230626 01:41:03.071" endtime="20230626 01:41:03.148"/>
</kw>
<kw name="Sleep" library="BuiltIn">
<arg>2</arg>
<doc>Pauses the test executed for the given time.</doc>
<msg timestamp="20230626 01:41:05.164" level="INFO">Slept 2 seconds</msg>
<status status="PASS" starttime="20230626 01:41:03.148" endtime="20230626 01:41:05.164"/>
</kw>
<status status="PASS" starttime="20230626 01:41:00.818" endtime="20230626 01:41:05.164"/>
</kw>
<kw name="E clico no botão de login" library="FormItensResource">
<kw name="Click Element" library="SeleniumLibrary">
<arg>locator=//button[@type='submit'][contains(.,'Log in')]</arg>
<doc>Click the element identified by ``locator``.</doc>
<msg timestamp="20230626 01:41:05.166" level="INFO">Clicking element '//button[@type='submit'][contains(.,'Log in')]'.</msg>
<status status="PASS" starttime="20230626 01:41:05.166" endtime="20230626 01:41:05.210"/>
</kw>
<status status="PASS" starttime="20230626 01:41:05.165" endtime="20230626 01:41:05.211"/>
</kw>
<kw name="Então devo ser redirecionado para a página inicial" library="FormItensResource">
<kw name="Wait Until Element Is Visible" library="SeleniumLibrary">
<arg>locator=//span[@class='ant-avatar-string'][contains(.,'TU')]</arg>
<doc>Waits until the element ``locator`` is visible.</doc>
<status status="PASS" starttime="20230626 01:41:05.212" endtime="20230626 01:41:05.445"/>
</kw>
<status status="PASS" starttime="20230626 01:41:05.211" endtime="20230626 01:41:05.445"/>
</kw>
<kw name="E devo clicar na opção Page 2" library="FormItensResource">
<kw name="Click Element" library="SeleniumLibrary">
<arg>locator=//span[contains(.,'Page 2')]</arg>
<doc>Click the element identified by ``locator``.</doc>
<msg timestamp="20230626 01:41:05.446" level="INFO">Clicking element '//span[contains(.,'Page 2')]'.</msg>
<status status="PASS" starttime="20230626 01:41:05.446" endtime="20230626 01:41:05.509"/>
</kw>
<status status="PASS" starttime="20230626 01:41:05.445" endtime="20230626 01:41:05.509"/>
</kw>
<kw name="E devo veriricar todos os campos do formulario" library="FormItensResource">
<kw name="Wait Until Element Is Visible" library="SeleniumLibrary">
<arg>locator=//label[@title='Radio Button'][contains(.,'Radio Button')]</arg>
<doc>Waits until the element ``locator`` is visible.</doc>
<status status="PASS" starttime="20230626 01:41:05.510" endtime="20230626 01:41:05.527"/>
</kw>
<kw name="Wait Until Element Is Visible" library="SeleniumLibrary">
<arg>locator=//input[contains(@placeholder,'Only letters and numbers are allowed')]</arg>
<doc>Waits until the element ``locator`` is visible.</doc>
<status status="PASS" starttime="20230626 01:41:05.527" endtime="20230626 01:41:05.546"/>
</kw>
<kw name="Wait Until Element Is Visible" library="SeleniumLibrary">
<arg>locator=//div[@unselectable='on'][contains(.,'Select a country')]</arg>
<doc>Waits until the element ``locator`` is visible.</doc>
<status status="PASS" starttime="20230626 01:41:05.546" endtime="20230626 01:41:05.561"/>
</kw>
<kw name="Wait Until Element Is Visible" library="SeleniumLibrary">
<arg>locator=//span[contains(@class,'ant-select-selection__placeholder')]</arg>
<doc>Waits until the element ``locator`` is visible.</doc>
<status status="PASS" starttime="20230626 01:41:05.562" endtime="20230626 01:41:05.576"/>
</kw>
<kw name="Wait Until Element Is Visible" library="SeleniumLibrary">
<arg>locator=//input[contains(@tabindex,'-1')]</arg>
<doc>Waits until the element ``locator`` is visible.</doc>
<status status="PASS" starttime="20230626 01:41:05.576" endtime="20230626 01:41:05.590"/>
</kw>
<kw name="Wait Until Element Is Visible" library="SeleniumLibrary">
<arg>locator=//input[contains(@placeholder,'Select date')]</arg>
<doc>Waits until the element ``locator`` is visible.</doc>
<status status="PASS" starttime="20230626 01:41:05.590" endtime="20230626 01:41:05.607"/>
</kw>
<kw name="Wait Until Element Is Visible" library="SeleniumLibrary">
<arg>locator=//label[@title='Slider with InputNumber'][contains(.,'Slider with InputNumber')]</arg>
<doc>Waits until the element ``locator`` is visible.</doc>
<status status="PASS" starttime="20230626 01:41:05.608" endtime="20230626 01:41:05.622"/>
</kw>
<kw name="Wait Until Element Is Visible" library="SeleniumLibrary">
<arg>locator=//input[contains(@class,'ant-input-number-input')]</arg>
<doc>Waits until the element ``locator`` is visible.</doc>
<status status="PASS" starttime="20230626 01:41:05.622" endtime="20230626 01:41:05.636"/>
</kw>
<kw name="Wait Until Element Is Visible" library="SeleniumLibrary">
<arg>locator=//button[contains(@role,'switch')]</arg>
<doc>Waits until the element ``locator`` is visible.</doc>
<status status="PASS" starttime="20230626 01:41:05.637" endtime="20230626 01:41:05.650"/>
</kw>
<kw name="Wait Until Element Is Visible" library="SeleniumLibrary">
<arg>locator=//textarea[contains(@placeholder,'write a comment')]</arg>
<doc>Waits until the element ``locator`` is visible.</doc>
<status status="PASS" starttime="20230626 01:41:05.651" endtime="20230626 01:41:05.664"/>
</kw>
<status status="PASS" starttime="20230626 01:41:05.510" endtime="20230626 01:41:05.664"/>
</kw>
<kw name="E preencher todo o formulario no modo horizontal" library="FormItensResource">
<kw name="Wait Until Element Is Visible" library="SeleniumLibrary">
<arg>locator=//label[@title='Radio Button'][contains(.,'Radio Button')]</arg>
<doc>Waits until the element ``locator`` is visible.</doc>
<status status="PASS" starttime="20230626 01:41:05.665" endtime="20230626 01:41:05.676"/>
</kw>
<kw name="Input Text" library="SeleniumLibrary">
<arg>locator=//input[contains(@placeholder,'Only letters and numbers are allowed')]</arg>
<arg>text=asssadsaf</arg>
<doc>Types the given ``text`` into the text field identified by ``locator``.</doc>
<msg timestamp="20230626 01:41:05.676" level="INFO">Typing text 'asssadsaf' into text field '//input[contains(@placeholder,'Only letters and numbers are allowed')]'.</msg>
<status status="PASS" starttime="20230626 01:41:05.676" endtime="20230626 01:41:05.744"/>
</kw>
<kw name="Click Element" library="SeleniumLibrary">
<arg>locator=//div[@unselectable='on'][contains(.,'Select a country')]</arg>
<doc>Click the element identified by ``locator``.</doc>
<msg timestamp="20230626 01:41:05.745" level="INFO">Clicking element '//div[@unselectable='on'][contains(.,'Select a country')]'.</msg>
<status status="PASS" starttime="20230626 01:41:05.744" endtime="20230626 01:41:05.789"/>
</kw>
<kw name="Sleep" library="BuiltIn">
<arg>2</arg>
<doc>Pauses the test executed for the given time.</doc>
<msg timestamp="20230626 01:41:07.794" level="INFO">Slept 2 seconds</msg>
<status status="PASS" starttime="20230626 01:41:05.790" endtime="20230626 01:41:07.794"/>
</kw>
<kw name="Click Element" library="SeleniumLibrary">
<arg>locator=//li[@role='option'][contains(.,'Brazil')]</arg>
<doc>Click the element identified by ``locator``.</doc>
<msg timestamp="20230626 01:41:07.795" level="INFO">Clicking element '//li[@role='option'][contains(.,'Brazil')]'.</msg>
<status status="PASS" starttime="20230626 01:41:07.794" endtime="20230626 01:41:07.839"/>
</kw>
<kw name="Sleep" library="BuiltIn">
<arg>2</arg>
<doc>Pauses the test executed for the given time.</doc>
<msg timestamp="20230626 01:41:09.850" level="INFO">Slept 2 seconds</msg>
<status status="PASS" starttime="20230626 01:41:07.840" endtime="20230626 01:41:09.850"/>
</kw>
<kw name="Click Element" library="SeleniumLibrary">
<arg>locator=//span[contains(@class,'ant-select-selection__placeholder')]</arg>
<doc>Click the element identified by ``locator``.</doc>
<msg timestamp="20230626 01:41:09.851" level="INFO">Clicking element '//span[contains(@class,'ant-select-selection__placeholder')]'.</msg>
<status status="PASS" starttime="20230626 01:41:09.850" endtime="20230626 01:41:09.895"/>
</kw>
<kw name="Sleep" library="BuiltIn">
<arg>2</arg>
<doc>Pauses the test executed for the given time.</doc>
<msg timestamp="20230626 01:41:11.901" level="INFO">Slept 2 seconds</msg>
<status status="PASS" starttime="20230626 01:41:09.896" endtime="20230626 01:41:11.901"/>
</kw>
<kw name="Click Element" library="SeleniumLibrary">
<arg>locator=//div[@class='ant-select-dropdown ant-select-tree-dropdown ant-select-dropdown--single ant-select-dropdown-placement-bottomLeft'][contains(.,'Color')]</arg>
<doc>Click the element identified by ``locator``.</doc>
<msg timestamp="20230626 01:41:11.902" level="INFO">Clicking element '//div[@class='ant-select-dropdown ant-select-tree-dropdown ant-select-dropdown--single ant-select-dropdown-placement-bottomLeft'][contains(.,'Color')]'.</msg>
<status status="PASS" starttime="20230626 01:41:11.902" endtime="20230626 01:41:11.949"/>
</kw>
<kw name="Sleep" library="BuiltIn">
<arg>2</arg>
<doc>Pauses the test executed for the given time.</doc>
<msg timestamp="20230626 01:41:13.953" level="INFO">Slept 2 seconds</msg>
<status status="PASS" starttime="20230626 01:41:11.950" endtime="20230626 01:41:13.953"/>
</kw>
<kw name="Click Element" library="SeleniumLibrary">
<arg>locator=//input[contains(@tabindex,'-1')]</arg>
<doc>Click the element identified by ``locator``.</doc>
<msg timestamp="20230626 01:41:13.954" level="INFO">Clicking element '//input[contains(@tabindex,'-1')]'.</msg>
<status status="PASS" starttime="20230626 01:41:13.953" endtime="20230626 01:41:14.009"/>
</kw>
<kw name="Sleep" library="BuiltIn">
<arg>2</arg>
<doc>Pauses the test executed for the given time.</doc>
<msg timestamp="20230626 01:41:16.011" level="INFO">Slept 2 seconds</msg>
<status status="PASS" starttime="20230626 01:41:14.009" endtime="20230626 01:41:16.011"/>
</kw>
<kw name="Click Element" library="SeleniumLibrary">
<arg>locator=//li[@class='ant-cascader-menu-item ant-cascader-menu-item-expand'][contains(.,'São Paulo')]</arg>
<doc>Click the element identified by ``locator``.</doc>
<msg timestamp="20230626 01:41:16.012" level="INFO">Clicking element '//li[@class='ant-cascader-menu-item ant-cascader-menu-item-expand'][contains(.,'São Paulo')]'.</msg>
<status status="PASS" starttime="20230626 01:41:16.011" endtime="20230626 01:41:16.051"/>
</kw>
<kw name="Sleep" library="BuiltIn">
<arg>2</arg>
<doc>Pauses the test executed for the given time.</doc>
<msg timestamp="20230626 01:41:18.057" level="INFO">Slept 2 seconds</msg>
<status status="PASS" starttime="20230626 01:41:16.052" endtime="20230626 01:41:18.057"/>
</kw>
<kw name="Click Element" library="SeleniumLibrary">
<arg>locator=//li[@class='ant-cascader-menu-item'][contains(.,'Campinas')]</arg>
<doc>Click the element identified by ``locator``.</doc>
<msg timestamp="20230626 01:41:18.058" level="INFO">Clicking element '//li[@class='ant-cascader-menu-item'][contains(.,'Campinas')]'.</msg>
<status status="PASS" starttime="20230626 01:41:18.058" endtime="20230626 01:41:18.099"/>
</kw>
<kw name="Sleep" library="BuiltIn">
<arg>2</arg>
<doc>Pauses the test executed for the given time.</doc>
<msg timestamp="20230626 01:41:20.100" level="INFO">Slept 2 seconds</msg>
<status status="PASS" starttime="20230626 01:41:18.100" endtime="20230626 01:41:20.100"/>
</kw>
<kw name="Click Element" library="SeleniumLibrary">
<arg>locator=//input[contains(@placeholder,'Select date')]</arg>
<doc>Click the element identified by ``locator``.</doc>
<msg timestamp="20230626 01:41:20.101" level="INFO">Clicking element '//input[contains(@placeholder,'Select date')]'.</msg>
<status status="PASS" starttime="20230626 01:41:20.100" endtime="20230626 01:41:20.168"/>
</kw>
<kw name="Sleep" library="BuiltIn">
<arg>2</arg>
<doc>Pauses the test executed for the given time.</doc>
<msg timestamp="20230626 01:41:22.177" level="INFO">Slept 2 seconds</msg>
<status status="PASS" starttime="20230626 01:41:20.168" endtime="20230626 01:41:22.177"/>
</kw>
<kw name="Click Element" library="SeleniumLibrary">
<arg>locator=//div[@class='ant-calendar-date'][contains(.,'25')]</arg>
<doc>Click the element identified by ``locator``.</doc>
<msg timestamp="20230626 01:41:22.178" level="INFO">Clicking element '//div[@class='ant-calendar-date'][contains(.,'25')]'.</msg>
<status status="PASS" starttime="20230626 01:41:22.177" endtime="20230626 01:41:22.229"/>
</kw>
<kw name="Sleep" library="BuiltIn">
<arg>2</arg>
<doc>Pauses the test executed for the given time.</doc>
<msg timestamp="20230626 01:41:24.232" level="INFO">Slept 2 seconds</msg>
<status status="PASS" starttime="20230626 01:41:22.229" endtime="20230626 01:41:24.232"/>
</kw>
<kw name="Input Text" library="SeleniumLibrary">
<arg>locator=//input[contains(@class,'ant-input-number-input')]</arg>
<arg>text=15</arg>
<doc>Types the given ``text`` into the text field identified by ``locator``.</doc>
<msg timestamp="20230626 01:41:24.233" level="INFO">Typing text '15' into text field '//input[contains(@class,'ant-input-number-input')]'.</msg>
<status status="PASS" starttime="20230626 01:41:24.232" endtime="20230626 01:41:24.327"/>
</kw>
<kw name="Sleep" library="BuiltIn">
<arg>2</arg>
<doc>Pauses the test executed for the given time.</doc>
<msg timestamp="20230626 01:41:26.331" level="INFO">Slept 2 seconds</msg>
<status status="PASS" starttime="20230626 01:41:24.328" endtime="20230626 01:41:26.332"/>
</kw>
<kw name="Click Element" library="SeleniumLibrary">
<arg>locator=//button[contains(@role,'switch')]</arg>
<doc>Click the element identified by ``locator``.</doc>
<msg timestamp="20230626 01:41:26.334" level="INFO">Clicking element '//button[contains(@role,'switch')]'.</msg>
<status status="PASS" starttime="20230626 01:41:26.332" endtime="20230626 01:41:26.388"/>
</kw>
<kw name="Sleep" library="BuiltIn">
<arg>2</arg>
<doc>Pauses the test executed for the given time.</doc>
<msg timestamp="20230626 01:41:28.389" level="INFO">Slept 2 seconds</msg>
<status status="PASS" starttime="20230626 01:41:26.389" endtime="20230626 01:41:28.389"/>
</kw>
<kw name="Input Text" library="SeleniumLibrary">
<arg>locator=//textarea[contains(@placeholder,'write a comment')]</arg>
<arg>text=this is a text</arg>
<doc>Types the given ``text`` into the text field identified by ``locator``.</doc>
<msg timestamp="20230626 01:41:28.390" level="INFO">Typing text 'this is a text' into text field '//textarea[contains(@placeholder,'write a comment')]'.</msg>
<status status="PASS" starttime="20230626 01:41:28.389" endtime="20230626 01:41:28.449"/>
</kw>
<status status="PASS" starttime="20230626 01:41:05.664" endtime="20230626 01:41:28.449"/>
</kw>
<kw name="Fechar o navegador" library="FormItensResource" type="TEARDOWN">
<kw name="Close Browser" library="SeleniumLibrary">
<doc>Closes the current browser.</doc>
<status status="PASS" starttime="20230626 01:41:28.450" endtime="20230626 01:41:30.546"/>
</kw>
<status status="PASS" starttime="20230626 01:41:28.450" endtime="20230626 01:41:30.546"/>
</kw>
<status status="PASS" starttime="20230626 01:40:58.848" endtime="20230626 01:41:30.547"/>
</test>
<test id="s1-s2-s1-t2" name="Cenário: Preencher formulario na vertical" line="22">
<kw name="Abrir o navegador" library="FormItensResource" type="SETUP">
<kw name="Open Browser" library="SeleniumLibrary">
<arg>browser=chrome</arg>
<doc>Opens a new browser instance to the optional ``url``.</doc>
<msg timestamp="20230626 01:41:30.551" level="INFO">Opening browser 'chrome' to base url 'None'.</msg>
<status status="PASS" starttime="20230626 01:41:30.551" endtime="20230626 01:41:31.684"/>
</kw>
<kw name="Maximize Browser Window" library="SeleniumLibrary">
<doc>Maximizes current browser window.</doc>
<status status="PASS" starttime="20230626 01:41:31.684" endtime="20230626 01:41:31.798"/>
</kw>
<status status="PASS" starttime="20230626 01:41:30.551" endtime="20230626 01:41:31.798"/>
</kw>
<kw name="Dado que estou na página de login" library="FormItensResource">
<kw name="Go To" library="SeleniumLibrary">
<arg>url=http://localhost:3000/</arg>
<doc>Navigates the current browser window to the provided ``url``.</doc>
<msg timestamp="20230626 01:41:31.800" level="INFO">Opening url 'http://localhost:3000/'</msg>
<status status="PASS" starttime="20230626 01:41:31.799" endtime="20230626 01:41:32.520"/>
</kw>
<status status="PASS" starttime="20230626 01:41:31.799" endtime="20230626 01:41:32.520"/>
</kw>
<kw name="Quando insiro um username e password válidos" library="FormItensResource">
<kw name="Run Keyword And Ignore Error" library="BuiltIn">
<arg>Wait Until Element Is Visible</arg>
<arg>locator=//span[@class='ant-avatar-string'][contains(.,'TU')]</arg>
<doc>Runs the given keyword with the given arguments and ignores possible error.</doc>
<kw name="Wait Until Element Is Visible" library="SeleniumLibrary">
<arg>locator=//span[@class='ant-avatar-string'][contains(.,'TU')]</arg>
<doc>Waits until the element ``locator`` is visible.</doc>
<status status="PASS" starttime="20230626 01:41:32.522" endtime="20230626 01:41:32.544"/>
</kw>
<status status="PASS" starttime="20230626 01:41:32.521" endtime="20230626 01:41:32.544"/>
</kw>
<kw name="Run Keyword And Ignore Error" library="BuiltIn">
<arg>Click Element</arg>
<arg>locator=//span[@class='ant-avatar-string'][contains(.,'TU')]</arg>
<doc>Runs the given keyword with the given arguments and ignores possible error.</doc>
<kw name="Click Element" library="SeleniumLibrary">
<arg>locator=//span[@class='ant-avatar-string'][contains(.,'TU')]</arg>
<doc>Click the element identified by ``locator``.</doc>
<msg timestamp="20230626 01:41:32.545" level="INFO">Clicking element '//span[@class='ant-avatar-string'][contains(.,'TU')]'.</msg>
<status status="PASS" starttime="20230626 01:41:32.545" endtime="20230626 01:41:32.596"/>
</kw>
<status status="PASS" starttime="20230626 01:41:32.544" endtime="20230626 01:41:32.596"/>
</kw>
<kw name="Sleep" library="BuiltIn">
<arg>2</arg>
<doc>Pauses the test executed for the given time.</doc>
<msg timestamp="20230626 01:41:34.599" level="INFO">Slept 2 seconds</msg>
<status status="PASS" starttime="20230626 01:41:32.596" endtime="20230626 01:41:34.599"/>
</kw>
<kw name="Run Keyword And Ignore Error" library="BuiltIn">
<arg>Click Element</arg>
<arg>locator=//li[@data-cy='userMenuItem'][contains(.,'Logout')]</arg>
<doc>Runs the given keyword with the given arguments and ignores possible error.</doc>
<kw name="Click Element" library="SeleniumLibrary">
<arg>locator=//li[@data-cy='userMenuItem'][contains(.,'Logout')]</arg>
<doc>Click the element identified by ``locator``.</doc>
<msg timestamp="20230626 01:41:34.600" level="INFO">Clicking element '//li[@data-cy='userMenuItem'][contains(.,'Logout')]'.</msg>
<status status="PASS" starttime="20230626 01:41:34.600" endtime="20230626 01:41:34.645"/>
</kw>
<status status="PASS" starttime="20230626 01:41:34.599" endtime="20230626 01:41:34.646"/>
</kw>
<kw name="Input Text" library="SeleniumLibrary">
<arg>locator=//input[@placeholder='Username'][contains(@id,'username')]</arg>
<arg>text=testuser</arg>
<doc>Types the given ``text`` into the text field identified by ``locator``.</doc>
<msg timestamp="20230626 01:41:34.647" level="INFO">Typing text 'testuser' into text field '//input[@placeholder='Username'][contains(@id,'username')]'.</msg>
<status status="PASS" starttime="20230626 01:41:34.646" endtime="20230626 01:41:34.768"/>
</kw>
<kw name="Input Text" library="SeleniumLibrary">
<arg>locator=//input[@type='password'][contains(@id,'password')]</arg>
<arg>text=pl123</arg>
<doc>Types the given ``text`` into the text field identified by ``locator``.</doc>
<msg timestamp="20230626 01:41:34.768" level="INFO">Typing text 'pl123' into text field '//input[@type='password'][contains(@id,'password')]'.</msg>
<status status="PASS" starttime="20230626 01:41:34.768" endtime="20230626 01:41:34.847"/>
</kw>
<kw name="Sleep" library="BuiltIn">
<arg>2</arg>
<doc>Pauses the test executed for the given time.</doc>
<msg timestamp="20230626 01:41:36.862" level="INFO">Slept 2 seconds</msg>
<status status="PASS" starttime="20230626 01:41:34.847" endtime="20230626 01:41:36.862"/>
</kw>
<status status="PASS" starttime="20230626 01:41:32.521" endtime="20230626 01:41:36.862"/>
</kw>
<kw name="E clico no botão de login" library="FormItensResource">
<kw name="Click Element" library="SeleniumLibrary">
<arg>locator=//button[@type='submit'][contains(.,'Log in')]</arg>
<doc>Click the element identified by ``locator``.</doc>
<msg timestamp="20230626 01:41:36.863" level="INFO">Clicking element '//button[@type='submit'][contains(.,'Log in')]'.</msg>
<status status="PASS" starttime="20230626 01:41:36.862" endtime="20230626 01:41:36.906"/>
</kw>
<status status="PASS" starttime="20230626 01:41:36.862" endtime="20230626 01:41:36.906"/>
</kw>
<kw name="Então devo ser redirecionado para a página inicial" library="FormItensResource">
<kw name="Wait Until Element Is Visible" library="SeleniumLibrary">
<arg>locator=//span[@class='ant-avatar-string'][contains(.,'TU')]</arg>
<doc>Waits until the element ``locator`` is visible.</doc>
<status status="PASS" starttime="20230626 01:41:36.908" endtime="20230626 01:41:37.140"/>
</kw>
<status status="PASS" starttime="20230626 01:41:36.907" endtime="20230626 01:41:37.140"/>
</kw>
<kw name="E devo clicar na opção Page 2" library="FormItensResource">
<kw name="Click Element" library="SeleniumLibrary">
<arg>locator=//span[contains(.,'Page 2')]</arg>
<doc>Click the element identified by ``locator``.</doc>
<msg timestamp="20230626 01:41:37.142" level="INFO">Clicking element '//span[contains(.,'Page 2')]'.</msg>
<status status="PASS" starttime="20230626 01:41:37.141" endtime="20230626 01:41:37.204"/>
</kw>
<status status="PASS" starttime="20230626 01:41:37.141" endtime="20230626 01:41:37.204"/>
</kw>
<kw name="E devo veriricar todos os campos do formulario" library="FormItensResource">
<kw name="Wait Until Element Is Visible" library="SeleniumLibrary">
<arg>locator=//label[@title='Radio Button'][contains(.,'Radio Button')]</arg>
<doc>Waits until the element ``locator`` is visible.</doc>
<status status="PASS" starttime="20230626 01:41:37.205" endtime="20230626 01:41:37.222"/>
</kw>
<kw name="Wait Until Element Is Visible" library="SeleniumLibrary">
<arg>locator=//input[contains(@placeholder,'Only letters and numbers are allowed')]</arg>
<doc>Waits until the element ``locator`` is visible.</doc>
<status status="PASS" starttime="20230626 01:41:37.223" endtime="20230626 01:41:37.241"/>
</kw>
<kw name="Wait Until Element Is Visible" library="SeleniumLibrary">
<arg>locator=//div[@unselectable='on'][contains(.,'Select a country')]</arg>
<doc>Waits until the element ``locator`` is visible.</doc>
<status status="PASS" starttime="20230626 01:41:37.241" endtime="20230626 01:41:37.256"/>
</kw>
<kw name="Wait Until Element Is Visible" library="SeleniumLibrary">
<arg>locator=//span[contains(@class,'ant-select-selection__placeholder')]</arg>
<doc>Waits until the element ``locator`` is visible.</doc>
<status status="PASS" starttime="20230626 01:41:37.257" endtime="20230626 01:41:37.271"/>
</kw>
<kw name="Wait Until Element Is Visible" library="SeleniumLibrary">
<arg>locator=//input[contains(@tabindex,'-1')]</arg>
<doc>Waits until the element ``locator`` is visible.</doc>
<status status="PASS" starttime="20230626 01:41:37.271" endtime="20230626 01:41:37.285"/>
</kw>
<kw name="Wait Until Element Is Visible" library="SeleniumLibrary">
<arg>locator=//input[contains(@placeholder,'Select date')]</arg>
<doc>Waits until the element ``locator`` is visible.</doc>
<status status="PASS" starttime="20230626 01:41:37.285" endtime="20230626 01:41:37.299"/>
</kw>
<kw name="Wait Until Element Is Visible" library="SeleniumLibrary">
<arg>locator=//label[@title='Slider with InputNumber'][contains(.,'Slider with InputNumber')]</arg>
<doc>Waits until the element ``locator`` is visible.</doc>
<status status="PASS" starttime="20230626 01:41:37.299" endtime="20230626 01:41:37.313"/>
</kw>
<kw name="Wait Until Element Is Visible" library="SeleniumLibrary">
<arg>locator=//input[contains(@class,'ant-input-number-input')]</arg>
<doc>Waits until the element ``locator`` is visible.</doc>
<status status="PASS" starttime="20230626 01:41:37.313" endtime="20230626 01:41:37.326"/>
</kw>
<kw name="Wait Until Element Is Visible" library="SeleniumLibrary">
<arg>locator=//button[contains(@role,'switch')]</arg>
<doc>Waits until the element ``locator`` is visible.</doc>
<status status="PASS" starttime="20230626 01:41:37.326" endtime="20230626 01:41:37.339"/>
</kw>
<kw name="Wait Until Element Is Visible" library="SeleniumLibrary">
<arg>locator=//textarea[contains(@placeholder,'write a comment')]</arg>
<doc>Waits until the element ``locator`` is visible.</doc>
<status status="PASS" starttime="20230626 01:41:37.339" endtime="20230626 01:41:37.353"/>
</kw>
<status status="PASS" starttime="20230626 01:41:37.205" endtime="20230626 01:41:37.353"/>
</kw>
<kw name="E preencher todo o formulario no modo vertical" library="FormItensResource">
<kw name="Execute Javascript" library="SeleniumLibrary">
<arg>window.resizeTo(800, 600)</arg>
<doc>Executes the given JavaScript code with possible arguments.</doc>
<msg timestamp="20230626 01:41:37.355" level="INFO">Executing JavaScript:
window.resizeTo(800, 600)
Without any arguments.</msg>
<status status="PASS" starttime="20230626 01:41:37.354" endtime="20230626 01:41:37.359"/>
</kw>
<kw name="Wait Until Element Is Visible" library="SeleniumLibrary">
<arg>locator=//label[@title='Radio Button'][contains(.,'Radio Button')]</arg>
<doc>Waits until the element ``locator`` is visible.</doc>
<status status="PASS" starttime="20230626 01:41:37.359" endtime="20230626 01:41:37.370"/>
</kw>
<kw name="Sleep" library="BuiltIn">
<arg>4</arg>
<doc>Pauses the test executed for the given time.</doc>
<msg timestamp="20230626 01:41:41.372" level="INFO">Slept 4 seconds</msg>
<status status="PASS" starttime="20230626 01:41:37.370" endtime="20230626 01:41:41.373"/>
</kw>
<kw name="Click Element" library="SeleniumLibrary">
<arg>locator=//label[@class='ant-radio-button-wrapper'][contains(.,'Vertical')]</arg>
<doc>Click the element identified by ``locator``.</doc>
<msg timestamp="20230626 01:41:41.373" level="INFO">Clicking element '//label[@class='ant-radio-button-wrapper'][contains(.,'Vertical')]'.</msg>
<status status="PASS" starttime="20230626 01:41:41.373" endtime="20230626 01:41:41.432"/>
</kw>
<kw name="Input Text" library="SeleniumLibrary">
<arg>locator=//input[contains(@placeholder,'Only letters and numbers are allowed')]</arg>
<arg>text=asssadsaf</arg>
<doc>Types the given ``text`` into the text field identified by ``locator``.</doc>
<msg timestamp="20230626 01:41:41.433" level="INFO">Typing text 'asssadsaf' into text field '//input[contains(@placeholder,'Only letters and numbers are allowed')]'.</msg>
<status status="PASS" starttime="20230626 01:41:41.432" endtime="20230626 01:41:41.517"/>
</kw>
<kw name="Click Element" library="SeleniumLibrary">
<arg>locator=//div[@unselectable='on'][contains(.,'Select a country')]</arg>
<doc>Click the element identified by ``locator``.</doc>
<msg timestamp="20230626 01:41:41.518" level="INFO">Clicking element '//div[@unselectable='on'][contains(.,'Select a country')]'.</msg>
<status status="PASS" starttime="20230626 01:41:41.518" endtime="20230626 01:41:41.566"/>
</kw>
<kw name="Sleep" library="BuiltIn">
<arg>2</arg>
<doc>Pauses the test executed for the given time.</doc>
<msg timestamp="20230626 01:41:43.575" level="INFO">Slept 2 seconds</msg>
<status status="PASS" starttime="20230626 01:41:41.567" endtime="20230626 01:41:43.575"/>
</kw>
<kw name="Click Element" library="SeleniumLibrary">
<arg>locator=//li[@role='option'][contains(.,'Brazil')]</arg>
<doc>Click the element identified by ``locator``.</doc>
<msg timestamp="20230626 01:41:43.576" level="INFO">Clicking element '//li[@role='option'][contains(.,'Brazil')]'.</msg>
<status status="PASS" starttime="20230626 01:41:43.575" endtime="20230626 01:41:43.627"/>
</kw>
<kw name="Sleep" library="BuiltIn">
<arg>2</arg>
<doc>Pauses the test executed for the given time.</doc>
<msg timestamp="20230626 01:41:45.634" level="INFO">Slept 2 seconds</msg>
<status status="PASS" starttime="20230626 01:41:43.627" endtime="20230626 01:41:45.634"/>
</kw>
<kw name="Click Element" library="SeleniumLibrary">
<arg>locator=//span[contains(@class,'ant-select-selection__placeholder')]</arg>
<doc>Click the element identified by ``locator``.</doc>
<msg timestamp="20230626 01:41:45.635" level="INFO">Clicking element '//span[contains(@class,'ant-select-selection__placeholder')]'.</msg>
<status status="PASS" starttime="20230626 01:41:45.634" endtime="20230626 01:41:45.683"/>
</kw>
<kw name="Sleep" library="BuiltIn">
<arg>2</arg>
<doc>Pauses the test executed for the given time.</doc>
<msg timestamp="20230626 01:41:47.694" level="INFO">Slept 2 seconds</msg>
<status status="PASS" starttime="20230626 01:41:45.683" endtime="20230626 01:41:47.694"/>
</kw>
<kw name="Click Element" library="SeleniumLibrary">
<arg>locator=//div[@class='ant-select-dropdown ant-select-tree-dropdown ant-select-dropdown--single ant-select-dropdown-placement-bottomLeft'][contains(.,'Color')]</arg>
<doc>Click the element identified by ``locator``.</doc>
<msg timestamp="20230626 01:41:47.695" level="INFO">Clicking element '//div[@class='ant-select-dropdown ant-select-tree-dropdown ant-select-dropdown--single ant-select-dropdown-placement-bottomLeft'][contains(.,'Color')]'.</msg>
<status status="PASS" starttime="20230626 01:41:47.694" endtime="20230626 01:41:47.734"/>
</kw>
<kw name="Sleep" library="BuiltIn">
<arg>2</arg>
<doc>Pauses the test executed for the given time.</doc>
<msg timestamp="20230626 01:41:49.742" level="INFO">Slept 2 seconds</msg>
<status status="PASS" starttime="20230626 01:41:47.734" endtime="20230626 01:41:49.742"/>
</kw>
<kw name="Click Element" library="SeleniumLibrary">
<arg>locator=//input[contains(@tabindex,'-1')]</arg>
<doc>Click the element identified by ``locator``.</doc>
<msg timestamp="20230626 01:41:49.743" level="INFO">Clicking element '//input[contains(@tabindex,'-1')]'.</msg>
<status status="PASS" starttime="20230626 01:41:49.742" endtime="20230626 01:41:49.789"/>
</kw>
<kw name="Sleep" library="BuiltIn">
<arg>2</arg>
<doc>Pauses the test executed for the given time.</doc>
<msg timestamp="20230626 01:41:51.802" level="INFO">Slept 2 seconds</msg>
<status status="PASS" starttime="20230626 01:41:49.790" endtime="20230626 01:41:51.802"/>
</kw>
<kw name="Click Element" library="SeleniumLibrary">
<arg>locator=//li[@class='ant-cascader-menu-item ant-cascader-menu-item-expand'][contains(.,'São Paulo')]</arg>
<doc>Click the element identified by ``locator``.</doc>
<msg timestamp="20230626 01:41:51.803" level="INFO">Clicking element '//li[@class='ant-cascader-menu-item ant-cascader-menu-item-expand'][contains(.,'São Paulo')]'.</msg>
<status status="PASS" starttime="20230626 01:41:51.802" endtime="20230626 01:41:51.844"/>
</kw>
<kw name="Sleep" library="BuiltIn">
<arg>2</arg>
<doc>Pauses the test executed for the given time.</doc>
<msg timestamp="20230626 01:41:53.856" level="INFO">Slept 2 seconds</msg>
<status status="PASS" starttime="20230626 01:41:51.845" endtime="20230626 01:41:53.856"/>
</kw>
<kw name="Click Element" library="SeleniumLibrary">
<arg>locator=//li[@class='ant-cascader-menu-item'][contains(.,'Campinas')]</arg>
<doc>Click the element identified by ``locator``.</doc>
<msg timestamp="20230626 01:41:53.857" level="INFO">Clicking element '//li[@class='ant-cascader-menu-item'][contains(.,'Campinas')]'.</msg>
<status status="PASS" starttime="20230626 01:41:53.856" endtime="20230626 01:41:53.899"/>
</kw>
<kw name="Sleep" library="BuiltIn">
<arg>2</arg>
<doc>Pauses the test executed for the given time.</doc>
<msg timestamp="20230626 01:41:55.912" level="INFO">Slept 2 seconds</msg>
<status status="PASS" starttime="20230626 01:41:53.900" endtime="20230626 01:41:55.912"/>
</kw>
<kw name="Click Element" library="SeleniumLibrary">
<arg>locator=//input[contains(@placeholder,'Select date')]</arg>
<doc>Click the element identified by ``locator``.</doc>
<msg timestamp="20230626 01:41:55.913" level="INFO">Clicking element '//input[contains(@placeholder,'Select date')]'.</msg>
<status status="PASS" starttime="20230626 01:41:55.912" endtime="20230626 01:41:55.976"/>
</kw>
<kw name="Sleep" library="BuiltIn">
<arg>2</arg>
<doc>Pauses the test executed for the given time.</doc>
<msg timestamp="20230626 01:41:57.979" level="INFO">Slept 2 seconds</msg>
<status status="PASS" starttime="20230626 01:41:55.977" endtime="20230626 01:41:57.979"/>
</kw>
<kw name="Click Element" library="SeleniumLibrary">
<arg>locator=//div[@class='ant-calendar-date'][contains(.,'25')]</arg>
<doc>Click the element identified by ``locator``.</doc>
<msg timestamp="20230626 01:41:57.980" level="INFO">Clicking element '//div[@class='ant-calendar-date'][contains(.,'25')]'.</msg>
<status status="PASS" starttime="20230626 01:41:57.979" endtime="20230626 01:41:58.026"/>
</kw>
<status status="PASS" starttime="20230626 01:41:37.353" endtime="20230626 01:41:58.026"/>
</kw>
<kw name="Fechar o navegador" library="FormItensResource" type="TEARDOWN">
<kw name="Close Browser" library="SeleniumLibrary">
<doc>Closes the current browser.</doc>
<status status="PASS" starttime="20230626 01:41:58.027" endtime="20230626 01:42:00.130"/>
</kw>
<status status="PASS" starttime="20230626 01:41:58.027" endtime="20230626 01:42:00.130"/>
</kw>
<status status="PASS" starttime="20230626 01:41:30.550" endtime="20230626 01:42:00.131"/>
</test>
<test id="s1-s2-s1-t3" name="Cenário: Preencher formulario na In Line" line="31">
[...]
<msg timestamp="20230626 01:45:42.213" level="INFO" html="true">&lt;/td&gt;&lt;/tr&gt;&lt;tr&gt;&lt;td colspan="3"&gt;&lt;a href="selenium-screenshot-5.png"&gt;&lt;img src="selenium-screenshot-5.png" width="800px"&gt;&lt;/a&gt;</msg>
<msg timestamp="20230626 01:45:42.213" level="FAIL">Element with locator '//span[@class='ant-avatar-string'][contains(.,'TU')]' not found.</msg>
<status status="FAIL" starttime="20230626 01:45:42.131" endtime="20230626 01:45:42.214"/>
</kw>
<status status="PASS" starttime="20230626 01:45:42.131" endtime="20230626 01:45:42.214"/>
</kw>
<kw name="Run Keyword And Ignore Error" library="BuiltIn">
<arg>Click Element</arg>
<arg>locator=//li[@data-cy='userMenuItem'][contains(.,'Logout')]</arg>
<doc>Runs the given keyword with the given arguments and ignores possible error.</doc>
<kw name="Click Element" library="SeleniumLibrary">
<arg>locator=//li[@data-cy='userMenuItem'][contains(.,'Logout')]</arg>
<doc>Click the element identified by ``locator``.</doc>
<msg timestamp="20230626 01:45:42.215" level="INFO">Clicking element '//li[@data-cy='userMenuItem'][contains(.,'Logout')]'.</msg>
<msg timestamp="20230626 01:45:42.305" level="INFO" html="true">&lt;/td&gt;&lt;/tr&gt;&lt;tr&gt;&lt;td colspan="3"&gt;&lt;a href="selenium-screenshot-6.png"&gt;&lt;img src="selenium-screenshot-6.png" width="800px"&gt;&lt;/a&gt;</msg>
<msg timestamp="20230626 01:45:42.305" level="FAIL">Element with locator '//li[@data-cy='userMenuItem'][contains(.,'Logout')]' not found.</msg>
<status status="FAIL" starttime="20230626 01:45:42.215" endtime="20230626 01:45:42.306"/>
</kw>
<status status="PASS" starttime="20230626 01:45:42.214" endtime="20230626 01:45:42.306"/>
</kw>
<kw name="Wait Until Element Is Visible" library="SeleniumLibrary">
<arg>locator=//input[@placeholder='Username'][contains(@id,'username')]</arg>
<doc>Waits until the element ``locator`` is visible.</doc>
<status status="PASS" starttime="20230626 01:45:42.306" endtime="20230626 01:45:42.324"/>
</kw>
<status status="PASS" starttime="20230626 01:45:31.991" endtime="20230626 01:45:42.324"/>
</kw>
<kw name="E clico no botão de login" library="LoginResource">
<kw name="Click Element" library="SeleniumLibrary">
<arg>locator=//button[@type='submit'][contains(.,'Log in')]</arg>
<doc>Click the element identified by ``locator``.</doc>
<msg timestamp="20230626 01:45:42.325" level="INFO">Clicking element '//button[@type='submit'][contains(.,'Log in')]'.</msg>
<status status="PASS" starttime="20230626 01:45:42.325" endtime="20230626 01:45:42.373"/>
</kw>
<status status="PASS" starttime="20230626 01:45:42.325" endtime="20230626 01:45:42.374"/>
</kw>
<kw name="Então devo ver uma mensagem de erro indicando &quot;Please input your username e Please input your Password.&quot;" library="LoginResource">
<kw name="Wait Until Element Is Visible" library="SeleniumLibrary">
<arg>locator=//div[@class='ant-form-explain'][contains(.,'Please input your username.')]</arg>
<doc>Waits until the element ``locator`` is visible.</doc>
<status status="PASS" starttime="20230626 01:45:42.375" endtime="20230626 01:45:42.838"/>
</kw>
<kw name="Wait Until Element Is Visible" library="SeleniumLibrary">
<arg>locator=//div[@class='ant-form-explain'][contains(.,'Please input your Password.')]</arg>
<doc>Waits until the element ``locator`` is visible.</doc>
<status status="PASS" starttime="20230626 01:45:42.838" endtime="20230626 01:45:42.852"/>
</kw>
<status status="PASS" starttime="20230626 01:45:42.374" endtime="20230626 01:45:42.852"/>
</kw>
<kw name="Fechar o navegador" library="LoginResource" type="TEARDOWN">
<kw name="Close Browser" library="SeleniumLibrary">
<doc>Closes the current browser.</doc>
<status status="PASS" starttime="20230626 01:45:42.853" endtime="20230626 01:45:44.952"/>
</kw>
<status status="PASS" starttime="20230626 01:45:42.853" endtime="20230626 01:45:44.952"/>
</kw>
<tag>Login</tag>
<status status="PASS" starttime="20230626 01:45:30.021" endtime="20230626 01:45:44.953"/>
</test>
<test id="s1-s4-s1-t5" name="Cenário: Login com campo username em branco" line="39">
<kw name="Abrir o navegador" library="LoginResource" type="SETUP">
<kw name="Open Browser" library="SeleniumLibrary">
<arg>browser=chrome</arg>
<doc>Opens a new browser instance to the optional ``url``.</doc>
<msg timestamp="20230626 01:45:44.955" level="INFO">Opening browser 'chrome' to base url 'None'.</msg>
<status status="PASS" starttime="20230626 01:45:44.955" endtime="20230626 01:45:46.095"/>
</kw>
<kw name="Maximize Browser Window" library="SeleniumLibrary">
<doc>Maximizes current browser window.</doc>
<status status="PASS" starttime="20230626 01:45:46.095" endtime="20230626 01:45:46.210"/>
</kw>
<status status="PASS" starttime="20230626 01:45:44.955" endtime="20230626 01:45:46.211"/>
</kw>
<kw name="Dado que estou na página de login" library="LoginResource">
<kw name="Go To" library="SeleniumLibrary">
<arg>url=http://localhost:3000/</arg>
<doc>Navigates the current browser window to the provided ``url``.</doc>
<msg timestamp="20230626 01:45:46.212" level="INFO">Opening url 'http://localhost:3000/'</msg>
<status status="PASS" starttime="20230626 01:45:46.212" endtime="20230626 01:45:46.944"/>
</kw>
<status status="PASS" starttime="20230626 01:45:46.211" endtime="20230626 01:45:46.944"/>
</kw>
<kw name="Quando deixo o campo de username em branco" library="LoginResource">
<kw name="Run Keyword And Ignore Error" library="BuiltIn">
<arg>Wait Until Element Is Visible</arg>
<arg>locator=//span[@class='ant-avatar-string'][contains(.,'TU')]</arg>
<doc>Runs the given keyword with the given arguments and ignores possible error.</doc>
<kw name="Wait Until Element Is Visible" library="SeleniumLibrary">
<arg>locator=//span[@class='ant-avatar-string'][contains(.,'TU')]</arg>
<doc>Waits until the element ``locator`` is visible.</doc>
<msg timestamp="20230626 01:45:57.093" level="INFO" html="true">&lt;/td&gt;&lt;/tr&gt;&lt;tr&gt;&lt;td colspan="3"&gt;&lt;a href="selenium-screenshot-7.png"&gt;&lt;img src="selenium-screenshot-7.png" width="800px"&gt;&lt;/a&gt;</msg>
<msg timestamp="20230626 01:45:57.093" level="FAIL">Element '//span[@class='ant-avatar-string'][contains(.,'TU')]' not visible after 10 seconds.</msg>
<status status="FAIL" starttime="20230626 01:45:46.946" endtime="20230626 01:45:57.094"/>
</kw>
<status status="PASS" starttime="20230626 01:45:46.946" endtime="20230626 01:45:57.094"/>
</kw>
<kw name="Run Keyword And Ignore Error" library="BuiltIn">
<arg>Click Element</arg>
<arg>locator=//span[@class='ant-avatar-string'][contains(.,'TU')]</arg>
<doc>Runs the given keyword with the given arguments and ignores possible error.</doc>
<kw name="Click Element" library="SeleniumLibrary">
<arg>locator=//span[@class='ant-avatar-string'][contains(.,'TU')]</arg>
<doc>Click the element identified by ``locator``.</doc>
<msg timestamp="20230626 01:45:57.096" level="INFO">Clicking element '//span[@class='ant-avatar-string'][contains(.,'TU')]'.</msg>
<msg timestamp="20230626 01:45:57.175" level="INFO" html="true">&lt;/td&gt;&lt;/tr&gt;&lt;tr&gt;&lt;td colspan="3"&gt;&lt;a href="selenium-screenshot-8.png"&gt;&lt;img src="selenium-screenshot-8.png" width="800px"&gt;&lt;/a&gt;</msg>
<msg timestamp="20230626 01:45:57.176" level="FAIL">Element with locator '//span[@class='ant-avatar-string'][contains(.,'TU')]' not found.</msg>
<status status="FAIL" starttime="20230626 01:45:57.094" endtime="20230626 01:45:57.176"/>
</kw>
<status status="PASS" starttime="20230626 01:45:57.094" endtime="20230626 01:45:57.177"/>
</kw>
<kw name="Run Keyword And Ignore Error" library="BuiltIn">
<arg>Click Element</arg>
<arg>locator=//li[@data-cy='userMenuItem'][contains(.,'Logout')]</arg>
<doc>Runs the given keyword with the given arguments and ignores possible error.</doc>
<kw name="Click Element" library="SeleniumLibrary">
<arg>locator=//li[@data-cy='userMenuItem'][contains(.,'Logout')]</arg>
<doc>Click the element identified by ``locator``.</doc>
<msg timestamp="20230626 01:45:57.178" level="INFO">Clicking element '//li[@data-cy='userMenuItem'][contains(.,'Logout')]'.</msg>
<msg timestamp="20230626 01:45:57.265" level="INFO" html="true">&lt;/td&gt;&lt;/tr&gt;&lt;tr&gt;&lt;td colspan="3"&gt;&lt;a href="selenium-screenshot-9.png"&gt;&lt;img src="selenium-screenshot-9.png" width="800px"&gt;&lt;/a&gt;</msg>
<msg timestamp="20230626 01:45:57.265" level="FAIL">Element with locator '//li[@data-cy='userMenuItem'][contains(.,'Logout')]' not found.</msg>
<status status="FAIL" starttime="20230626 01:45:57.177" endtime="20230626 01:45:57.266"/>
</kw>
<status status="PASS" starttime="20230626 01:45:57.177" endtime="20230626 01:45:57.266"/>
</kw>
<kw name="Wait Until Element Is Visible" library="SeleniumLibrary">
<arg>locator=//input[@placeholder='Username'][contains(@id,'username')]</arg>
<doc>Waits until the element ``locator`` is visible.</doc>
<status status="PASS" starttime="20230626 01:45:57.266" endtime="20230626 01:45:57.285"/>
</kw>
<kw name="Input Text" library="SeleniumLibrary">
<arg>locator=//input[@type='password'][contains(@id,'password')]</arg>
<arg>text=pl123</arg>
<doc>Types the given ``text`` into the text field identified by ``locator``.</doc>
<msg timestamp="20230626 01:45:57.286" level="INFO">Typing text 'pl123' into text field '//input[@type='password'][contains(@id,'password')]'.</msg>
<status status="PASS" starttime="20230626 01:45:57.285" endtime="20230626 01:45:57.381"/>
</kw>
<status status="PASS" starttime="20230626 01:45:46.945" endtime="20230626 01:45:57.381"/>
</kw>
<kw name="E clico no botão de login" library="LoginResource">
<kw name="Click Element" library="SeleniumLibrary">
<arg>locator=//button[@type='submit'][contains(.,'Log in')]</arg>
<doc>Click the element identified by ``locator``.</doc>
<msg timestamp="20230626 01:45:57.383" level="INFO">Clicking element '//button[@type='submit'][contains(.,'Log in')]'.</msg>
<status status="PASS" starttime="20230626 01:45:57.383" endtime="20230626 01:45:57.433"/>
</kw>
<status status="PASS" starttime="20230626 01:45:57.382" endtime="20230626 01:45:57.434"/>
</kw>
<kw name="Então devo ver uma mensagem de erro indicando &quot;Please input your username.&quot;" library="LoginResource">
<kw name="Wait Until Element Is Visible" library="SeleniumLibrary">
<arg>locator=//div[@class='ant-form-explain'][contains(.,'Please input your username.')]</arg>
<doc>Waits until the element ``locator`` is visible.</doc>
<status status="PASS" starttime="20230626 01:45:57.435" endtime="20230626 01:45:57.888"/>
</kw>
<status status="PASS" starttime="20230626 01:45:57.434" endtime="20230626 01:45:57.889"/>
</kw>
<kw name="Fechar o navegador" library="LoginResource" type="TEARDOWN">
<kw name="Close Browser" library="SeleniumLibrary">
<doc>Closes the current browser.</doc>
<status status="PASS" starttime="20230626 01:45:57.890" endtime="20230626 01:45:59.967"/>
</kw>
<status status="PASS" starttime="20230626 01:45:57.889" endtime="20230626 01:45:59.967"/>
</kw>
<tag>Login</tag>
<status status="PASS" starttime="20230626 01:45:44.954" endtime="20230626 01:45:59.968"/>
</test>
<test id="s1-s4-s1-t6" name="Cenário: Login com campo password em branco" line="46">
<kw name="Abrir o navegador" library="LoginResource" type="SETUP">
<kw name="Open Browser" library="SeleniumLibrary">
<arg>browser=chrome</arg>
<doc>Opens a new browser instance to the optional ``url``.</doc>
<msg timestamp="20230626 01:45:59.970" level="INFO">Opening browser 'chrome' to base url 'None'.</msg>
<status status="PASS" starttime="20230626 01:45:59.970" endtime="20230626 01:46:01.087"/>
</kw>
<kw name="Maximize Browser Window" library="SeleniumLibrary">
<doc>Maximizes current browser window.</doc>
<status status="PASS" starttime="20230626 01:46:01.088" endtime="20230626 01:46:01.198"/>
</kw>
<status status="PASS" starttime="20230626 01:45:59.970" endtime="20230626 01:46:01.198"/>
</kw>
<kw name="Dado que estou na página de login" library="LoginResource">
<kw name="Go To" library="SeleniumLibrary">
<arg>url=http://localhost:3000/</arg>
<doc>Navigates the current browser window to the provided ``url``.</doc>
<msg timestamp="20230626 01:46:01.200" level="INFO">Opening url 'http://localhost:3000/'</msg>
<status status="PASS" starttime="20230626 01:46:01.199" endtime="20230626 01:46:01.937"/>
</kw>
<status status="PASS" starttime="20230626 01:46:01.199" endtime="20230626 01:46:01.937"/>
</kw>
<kw name="Quando deixo o campo de password em branco" library="LoginResource">
<kw name="Run Keyword And Ignore Error" library="BuiltIn">
<arg>Wait Until Element Is Visible</arg>
<arg>locator=//span[@class='ant-avatar-string'][contains(.,'TU')]</arg>
<doc>Runs the given keyword with the given arguments and ignores possible error.</doc>
<kw name="Wait Until Element Is Visible" library="SeleniumLibrary">
<arg>locator=//span[@class='ant-avatar-string'][contains(.,'TU')]</arg>
<doc>Waits until the element ``locator`` is visible.</doc>
<msg timestamp="20230626 01:46:12.037" level="INFO" html="true">&lt;/td&gt;&lt;/tr&gt;&lt;tr&gt;&lt;td colspan="3"&gt;&lt;a href="selenium-screenshot-10.png"&gt;&lt;img src="selenium-screenshot-10.png" width="800px"&gt;&lt;/a&gt;</msg>
<msg timestamp="20230626 01:46:12.037" level="FAIL">Element '//span[@class='ant-avatar-string'][contains(.,'TU')]' not visible after 10 seconds.</msg>
<status status="FAIL" starttime="20230626 01:46:01.939" endtime="20230626 01:46:12.038"/>
</kw>
<status status="PASS" starttime="20230626 01:46:01.938" endtime="20230626 01:46:12.038"/>
</kw>
<kw name="Run Keyword And Ignore Error" library="BuiltIn">
<arg>Click Element</arg>
<arg>locator=//span[@class='ant-avatar-string'][contains(.,'TU')]</arg>
<doc>Runs the given keyword with the given arguments and ignores possible error.</doc>
<kw name="Click Element" library="SeleniumLibrary">
<arg>locator=//span[@class='ant-avatar-string'][contains(.,'TU')]</arg>
<doc>Click the element identified by ``locator``.</doc>
<msg timestamp="20230626 01:46:12.039" level="INFO">Clicking element '//span[@class='ant-avatar-string'][contains(.,'TU')]'.</msg>
<msg timestamp="20230626 01:46:12.126" level="INFO" html="true">&lt;/td&gt;&lt;/tr&gt;&lt;tr&gt;&lt;td colspan="3"&gt;&lt;a href="selenium-screenshot-11.png"&gt;&lt;img src="selenium-screenshot-11.png" width="800px"&gt;&lt;/a&gt;</msg>
<msg timestamp="20230626 01:46:12.126" level="FAIL">Element with locator '//span[@class='ant-avatar-string'][contains(.,'TU')]' not found.</msg>
<status status="FAIL" starttime="20230626 01:46:12.039" endtime="20230626 01:46:12.127"/>
</kw>
<status status="PASS" starttime="20230626 01:46:12.038" endtime="20230626 01:46:12.127"/>
</kw>
<kw name="Run Keyword And Ignore Error" library="BuiltIn">
<arg>Click Element</arg>
<arg>locator=//li[@data-cy='userMenuItem'][contains(.,'Logout')]</arg>
<doc>Runs the given keyword with the given arguments and ignores possible error.</doc>
<kw name="Click Element" library="SeleniumLibrary">
<arg>locator=//li[@data-cy='userMenuItem'][contains(.,'Logout')]</arg>
<doc>Click the element identified by ``locator``.</doc>
<msg timestamp="20230626 01:46:12.128" level="INFO">Clicking element '//li[@data-cy='userMenuItem'][contains(.,'Logout')]'.</msg>
<msg timestamp="20230626 01:46:12.216" level="INFO" html="true">&lt;/td&gt;&lt;/tr&gt;&lt;tr&gt;&lt;td colspan="3"&gt;&lt;a href="selenium-screenshot-12.png"&gt;&lt;img src="selenium-screenshot-12.png" width="800px"&gt;&lt;/a&gt;</msg>
<msg timestamp="20230626 01:46:12.217" level="FAIL">Element with locator '//li[@data-cy='userMenuItem'][contains(.,'Logout')]' not found.</msg>
<status status="FAIL" starttime="20230626 01:46:12.128" endtime="20230626 01:46:12.217"/>
</kw>
<status status="PASS" starttime="20230626 01:46:12.127" endtime="20230626 01:46:12.218"/>
</kw>
<kw name="Wait Until Element Is Visible" library="SeleniumLibrary">
<arg>locator=//input[@placeholder='Username'][contains(@id,'username')]</arg>
<doc>Waits until the element ``locator`` is visible.</doc>
<status status="PASS" starttime="20230626 01:46:12.218" endtime="20230626 01:46:12.239"/>
</kw>
<kw name="Input Text" library="SeleniumLibrary">
<arg>locator=//input[@placeholder='Username'][contains(@id,'username')]</arg>
<arg>text=testuser</arg>
<doc>Types the given ``text`` into the text field identified by ``locator``.</doc>
<msg timestamp="20230626 01:46:12.240" level="INFO">Typing text 'testuser' into text field '//input[@placeholder='Username'][contains(@id,'username')]'.</msg>
<status status="PASS" starttime="20230626 01:46:12.239" endtime="20230626 01:46:12.344"/>
</kw>
<status status="PASS" starttime="20230626 01:46:01.938" endtime="20230626 01:46:12.345"/>
</kw>
<kw name="E clico no botão de login" library="LoginResource">
<kw name="Click Element" library="SeleniumLibrary">
<arg>locator=//button[@type='submit'][contains(.,'Log in')]</arg>
<doc>Click the element identified by ``locator``.</doc>
<msg timestamp="20230626 01:46:12.346" level="INFO">Clicking element '//button[@type='submit'][contains(.,'Log in')]'.</msg>
<status status="PASS" starttime="20230626 01:46:12.346" endtime="20230626 01:46:12.394"/>
</kw>
<status status="PASS" starttime="20230626 01:46:12.345" endtime="20230626 01:46:12.394"/>
</kw>
<kw name="Então devo ver uma mensagem de erro indicando &quot;Please input your Password.&quot;" library="LoginResource">
<kw name="Wait Until Element Is Visible" library="SeleniumLibrary">
<arg>locator=//div[@class='ant-form-explain'][contains(.,'Please input your Password.')]</arg>
<doc>Waits until the element ``locator`` is visible.</doc>
<status status="PASS" starttime="20230626 01:46:12.395" endtime="20230626 01:46:12.848"/>
</kw>
<status status="PASS" starttime="20230626 01:46:12.395" endtime="20230626 01:46:12.848"/>
</kw>
<kw name="Fechar o navegador" library="LoginResource" type="TEARDOWN">
<kw name="Close Browser" library="SeleniumLibrary">
<doc>Closes the current browser.</doc>
<status status="PASS" starttime="20230626 01:46:12.850" endtime="20230626 01:46:14.935"/>
</kw>
<status status="PASS" starttime="20230626 01:46:12.849" endtime="20230626 01:46:14.935"/>
</kw>
<status status="PASS" starttime="20230626 01:45:59.969" endtime="20230626 01:46:14.936"/>
</test>
<doc>Essa suite testa o login</doc>
<status status="PASS" starttime="20230626 01:44:53.986" endtime="20230626 01:46:14.938"/>
</suite>
<status status="PASS" starttime="20230626 01:44:53.983" endtime="20230626 01:46:14.941"/>
</suite>
<status status="PASS" starttime="20230626 01:40:02.569" endtime="20230626 01:46:14.944"/>
</suite>
<statistics>
<total>
<stat pass="21" fail="0" skip="0">All Tests</stat>
</total>
<tag>
<stat pass="5" fail="0" skip="0">Login</stat>
</tag>
<suite>
<stat pass="21" fail="0" skip="0" id="s1" name="Pagina 3 &amp; Pagina 2 &amp; Pagina 1 &amp; Login">Pagina 3 &amp; Pagina 2 &amp; Pagina 1 &amp; Login</stat>
<stat pass="5" fail="0" skip="0" id="s1-s1" name="Pagina 3">Pagina 3 &amp; Pagina 2 &amp; Pagina 1 &amp; Login.Pagina 3</stat>
<stat pass="5" fail="0" skip="0" id="s1-s1-s1" name="NavigationPage3">Pagina 3 &amp; Pagina 2 &amp; Pagina 1 &amp; Login.Pagina 3.NavigationPage3</stat>
<stat pass="5" fail="0" skip="0" id="s1-s2" name="Pagina 2">Pagina 3 &amp; Pagina 2 &amp; Pagina 1 &amp; Login.Pagina 2</stat>
<stat pass="5" fail="0" skip="0" id="s1-s2-s1" name="FormItensPage2">Pagina 3 &amp; Pagina 2 &amp; Pagina 1 &amp; Login.Pagina 2.FormItensPage2</stat>
<stat pass="5" fail="0" skip="0" id="s1-s3" name="Pagina 1">Pagina 3 &amp; Pagina 2 &amp; Pagina 1 &amp; Login.Pagina 1</stat>
<stat pass="5" fail="0" skip="0" id="s1-s3-s1" name="TablePage1">Pagina 3 &amp; Pagina 2 &amp; Pagina 1 &amp; Login.Pagina 1.TablePage1</stat>
<stat pass="6" fail="0" skip="0" id="s1-s4" name="Login">Pagina 3 &amp; Pagina 2 &amp; Pagina 1 &amp; Login.Login</stat>
<stat pass="6" fail="0" skip="0" id="s1-s4-s1" name="LoginTest">Pagina 3 &amp; Pagina 2 &amp; Pagina 1 &amp; Login.Login.LoginTest</stat>
</suite>
</statistics>
<errors>
</errors>
</robot>
